\BOOKMARK [0][-]{section*.1}{\376\377\000D\000e\000c\000l\000a\000r\000a\000t\000i\000o\000n\000\040\000o\000f\000\040\000A\000u\000t\000h\000o\000r\000s\000h\000i\000p}{}% 1
\BOOKMARK [0][-]{section*.2}{\376\377\000A\000b\000s\000t\000r\000a\000c\000t}{}% 2
\BOOKMARK [0][-]{section*.3}{\376\377\000A\000c\000k\000n\000o\000w\000l\000e\000d\000g\000e\000m\000e\000n\000t\000s}{}% 3
\BOOKMARK [0][-]{chapter.14}{\376\377\000G\000e\000n\000e\000r\000a\000l\000\040\000I\000n\000t\000r\000o\000d\000u\000c\000t\000i\000o\000n}{}% 4
\BOOKMARK [0][-]{chapter.25}{\376\377\000P\000u\000b\000l\000i\000c\000a\000t\000i\000o\000n\000\040\000I}{}% 5
\BOOKMARK [1][-]{section.27}{\376\377\000I\000n\000t\000r\000o\000d\000u\000c\000t\000i\000o\000n}{chapter.25}% 6
\BOOKMARK [1][-]{section.28}{\376\377\000M\000e\000t\000h\000o\000d\000s}{chapter.25}% 7
\BOOKMARK [1][-]{section.34}{\376\377\000R\000e\000s\000u\000l\000t\000s}{chapter.25}% 8
\BOOKMARK [2][-]{subsection.36}{\376\377\000D\000e\000t\000a\000i\000l\000e\000d\000\040\000a\000n\000a\000l\000y\000s\000i\000s\000\040\000o\000f\000\040\000c\000a\000t\000e\000g\000o\000r\000i\000e\000s\000\040\000i\000n\000c\000l\000u\000d\000i\000n\000g\000\040\000g\000e\000n\000e\000s\000\040\000w\000i\000t\000h\000\040\000p\000u\000t\000a\000t\000i\000v\000e\000\040\000s\000e\000a\000s\000o\000n\000a\000l\000\040\000r\000e\000g\000u\000l\000a\000t\000o\000r\000y\000\040\000f\000u\000n\000c\000t\000i\000o\000n\000s}{section.34}% 9
\BOOKMARK [1][-]{section.38}{\376\377\000D\000i\000s\000c\000u\000s\000s\000i\000o\000n}{chapter.25}% 10
\BOOKMARK [1][-]{section.43}{\376\377\000C\000o\000n\000c\000l\000u\000s\000i\000o\000n}{chapter.25}% 11
\BOOKMARK [1][-]{section.44}{\376\377\000A\000c\000k\000n\000o\000w\000l\000e\000d\000g\000e\000m\000e\000n\000t\000s}{chapter.25}% 12
\BOOKMARK [1][-]{section.45}{\376\377\000R\000e\000f\000e\000r\000e\000n\000c\000e\000s}{chapter.25}% 13
\BOOKMARK [0][-]{chapter.46}{\376\377\000P\000u\000b\000l\000i\000c\000a\000t\000i\000o\000n\000\040\0002}{}% 14
\BOOKMARK [1][-]{section.47}{\376\377\000A\000b\000s\000t\000r\000a\000c\000t}{chapter.46}% 15
\BOOKMARK [1][-]{section.48}{\376\377\000I\000n\000t\000r\000o\000d\000u\000c\000t\000i\000o\000n}{chapter.46}% 16
\BOOKMARK [1][-]{section.49}{\376\377\000M\000a\000t\000e\000r\000i\000a\000l\000s\000\040\000a\000n\000d\000\040\000M\000e\000t\000h\000o\000d\000s}{chapter.46}% 17
\BOOKMARK [2][-]{subsection.50}{\376\377\000A\000n\000t\000a\000r\000c\000t\000i\000c\000\040\000k\000r\000i\000l\000l\000\040\000c\000o\000l\000l\000e\000c\000t\000i\000o\000n\000\040\000a\000n\000d\000\040\000m\000a\000i\000n\000t\000e\000n\000a\000n\000c\000e\000\040\000p\000r\000i\000o\000r\000\040\000t\000o\000\040\000t\000h\000e\000\040\000e\000x\000p\000e\000r\000i\000m\000e\000n\000t\000s}{section.49}% 18
\BOOKMARK [2][-]{subsection.51}{\376\377\000P\000h\000o\000t\000o\000p\000e\000r\000i\000o\000d\000i\000c\000-\000c\000o\000n\000t\000r\000o\000l\000l\000e\000d\000\040\000l\000a\000b\000o\000r\000a\000t\000o\000r\000y\000\040\000e\000x\000p\000e\000r\000i\000m\000e\000n\000t\000s}{section.49}% 19
\BOOKMARK [2][-]{subsection.52}{\376\377\000G\000r\000o\000w\000t\000h\000\040\000a\000n\000a\000l\000y\000s\000i\000s}{section.49}% 20
\BOOKMARK [2][-]{subsection.53}{\376\377\000F\000e\000e\000d\000i\000n\000g\000\040\000A\000n\000a\000l\000y\000s\000i\000s}{section.49}% 21
\BOOKMARK [2][-]{subsection.54}{\376\377\000L\000i\000p\000i\000d\000\040\000c\000o\000n\000t\000e\000n\000t\000\040\000a\000n\000a\000l\000y\000s\000i\000s}{section.49}% 22
\BOOKMARK [2][-]{subsection.55}{\376\377\000M\000a\000t\000u\000r\000i\000t\000y\000\040\000A\000n\000a\000l\000y\000s\000i\000s}{section.49}% 23
\BOOKMARK [2][-]{subsection.56}{\376\377\000D\000a\000t\000a\000\040\000a\000r\000c\000h\000i\000v\000i\000n\000g}{section.49}% 24
\BOOKMARK [1][-]{section.57}{\376\377\000R\000e\000s\000u\000l\000t\000s}{chapter.46}% 25
\BOOKMARK [2][-]{subsection.58}{\376\377\000G\000r\000o\000w\000t\000h\000\040\000A\000n\000a\000l\000y\000s\000i\000s}{section.57}% 26
\BOOKMARK [2][-]{subsection.59}{\376\377\000F\000e\000e\000d\000i\000n\000g}{section.57}% 27
\BOOKMARK [2][-]{subsection.60}{\376\377\000L\000i\000p\000i\000d\000s}{section.57}% 28
\BOOKMARK [2][-]{subsection.61}{\376\377\000M\000a\000t\000u\000r\000i\000t\000y}{section.57}% 29
\BOOKMARK [1][-]{section.62}{\376\377\000D\000i\000s\000c\000u\000s\000s\000i\000o\000n}{chapter.46}% 30
\BOOKMARK [1][-]{section.63}{\376\377\000C\000o\000n\000c\000l\000u\000s\000i\000o\000n}{chapter.46}% 31
\BOOKMARK [1][-]{section.64}{\376\377\000A\000c\000k\000n\000o\000w\000l\000e\000d\000g\000e\000m\000e\000n\000t\000s}{chapter.46}% 32
\BOOKMARK [1][-]{section.65}{\376\377\000R\000e\000f\000e\000r\000e\000n\000c\000e\000s}{chapter.46}% 33
\BOOKMARK [0][-]{appendix.66}{\376\377\000F\000r\000e\000q\000u\000e\000n\000t\000l\000y\000\040\000A\000s\000k\000e\000d\000\040\000Q\000u\000e\000s\000t\000i\000o\000n\000s}{}% 34
\BOOKMARK [1][-]{section.67}{\376\377\000H\000o\000w\000\040\000d\000o\000\040\000I\000\040\000c\000h\000a\000n\000g\000e\000\040\000t\000h\000e\000\040\000c\000o\000l\000o\000r\000s\000\040\000o\000f\000\040\000l\000i\000n\000k\000s\000?}{appendix.66}% 35
