This is pdfTeX, Version 3.14159265-2.6-1.40.19 (TeX Live 2018) (preloaded format=pdflatex 2019.3.10)  17 MAR 2019 15:39
entering extended mode
 restricted \write18 enabled.
 %&-line parsing enabled.
**main.tex
(./main.tex
LaTeX2e <2018-04-01> patch level 2
Babel <3.18> and hyphenation patterns for 84 language(s) loaded.
(./MastersDoctoralThesis.cls
Document Class: MastersDoctoralThesis 2017/08/27 v1.6 LaTeXTemplates.com
(/usr/local/texlive/2018/texmf-dist/tex/latex/etoolbox/etoolbox.sty
Package: etoolbox 2018/02/11 v2.5e e-TeX tools for LaTeX (JAW)
\etb@tempcnta=\count80
)
(/usr/local/texlive/2018/texmf-dist/tex/latex/l3packages/xparse/xparse.sty
(/usr/local/texlive/2018/texmf-dist/tex/latex/l3kernel/expl3.sty
Package: expl3 2018/03/05 L3 programming layer (loader) 

(/usr/local/texlive/2018/texmf-dist/tex/latex/l3kernel/expl3-code.tex
Package: expl3 2018/03/05 L3 programming layer (code)
\c_max_int=\count81
\l_tmpa_int=\count82
\l_tmpb_int=\count83
\g_tmpa_int=\count84
\g_tmpb_int=\count85
\g__intarray_font_int=\count86
\g__prg_map_int=\count87
\c_log_iow=\count88
\l_iow_line_count_int=\count89
\l__iow_line_target_int=\count90
\l__iow_one_indent_int=\count91
\l__iow_indent_int=\count92
\c_zero_dim=\dimen102
\c_max_dim=\dimen103
\l_tmpa_dim=\dimen104
\l_tmpb_dim=\dimen105
\g_tmpa_dim=\dimen106
\g_tmpb_dim=\dimen107
\c_zero_skip=\skip41
\c_max_skip=\skip42
\l_tmpa_skip=\skip43
\l_tmpb_skip=\skip44
\g_tmpa_skip=\skip45
\g_tmpb_skip=\skip46
\c_zero_muskip=\muskip10
\c_max_muskip=\muskip11
\l_tmpa_muskip=\muskip12
\l_tmpb_muskip=\muskip13
\g_tmpa_muskip=\muskip14
\g_tmpb_muskip=\muskip15
\l_keys_choice_int=\count93
\c__fp_leading_shift_int=\count94
\c__fp_middle_shift_int=\count95
\c__fp_trailing_shift_int=\count96
\c__fp_big_leading_shift_int=\count97
\c__fp_big_middle_shift_int=\count98
\c__fp_big_trailing_shift_int=\count99
\c__fp_Bigg_leading_shift_int=\count100
\c__fp_Bigg_middle_shift_int=\count101
\c__fp_Bigg_trailing_shift_int=\count102
\c__fp_rand_size_int=\count103
\c__fp_rand_four_int=\count104
\c__fp_rand_eight_int=\count105
\l__sort_length_int=\count106
\l__sort_min_int=\count107
\l__sort_top_int=\count108
\l__sort_max_int=\count109
\l__sort_true_max_int=\count110
\l__sort_block_int=\count111
\l__sort_begin_int=\count112
\l__sort_end_int=\count113
\l__sort_A_int=\count114
\l__sort_B_int=\count115
\l__sort_C_int=\count116
\l__tl_build_start_index_int=\count117
\l__tl_build_index_int=\count118
\l__tl_analysis_normal_int=\count119
\l__tl_analysis_index_int=\count120
\l__tl_analysis_nesting_int=\count121
\l__tl_analysis_type_int=\count122
\l__regex_internal_a_int=\count123
\l__regex_internal_b_int=\count124
\l__regex_internal_c_int=\count125
\l__regex_balance_int=\count126
\l__regex_group_level_int=\count127
\l__regex_mode_int=\count128
\c__regex_cs_in_class_mode_int=\count129
\c__regex_cs_mode_int=\count130
\l__regex_catcodes_int=\count131
\l__regex_default_catcodes_int=\count132
\c__regex_catcode_D_int=\count133
\c__regex_catcode_S_int=\count134
\c__regex_catcode_L_int=\count135
\c__regex_catcode_O_int=\count136
\c__regex_catcode_A_int=\count137
\c__regex_all_catcodes_int=\count138
\l__regex_show_lines_int=\count139
\l__regex_min_state_int=\count140
\l__regex_max_state_int=\count141
\l__regex_left_state_int=\count142
\l__regex_right_state_int=\count143
\l__regex_capturing_group_int=\count144
\l__regex_min_pos_int=\count145
\l__regex_max_pos_int=\count146
\l__regex_curr_pos_int=\count147
\l__regex_start_pos_int=\count148
\l__regex_success_pos_int=\count149
\l__regex_curr_char_int=\count150
\l__regex_curr_catcode_int=\count151
\l__regex_last_char_int=\count152
\l__regex_case_changed_char_int=\count153
\l__regex_curr_state_int=\count154
\l__regex_step_int=\count155
\l__regex_min_active_int=\count156
\l__regex_max_active_int=\count157
\l__regex_replacement_csnames_int=\count158
\l__regex_match_count_int=\count159
\l__regex_min_submatch_int=\count160
\l__regex_submatch_int=\count161
\l__regex_zeroth_submatch_int=\count162
\g__regex_trace_regex_int=\count163
\c_empty_box=\box26
\l_tmpa_box=\box27
\l_tmpb_box=\box28
\g_tmpa_box=\box29
\g_tmpb_box=\box30
\l__box_top_dim=\dimen108
\l__box_bottom_dim=\dimen109
\l__box_left_dim=\dimen110
\l__box_right_dim=\dimen111
\l__box_top_new_dim=\dimen112
\l__box_bottom_new_dim=\dimen113
\l__box_left_new_dim=\dimen114
\l__box_right_new_dim=\dimen115
\l__box_internal_box=\box31
\l__coffin_internal_box=\box32
\l__coffin_internal_dim=\dimen116
\l__coffin_offset_x_dim=\dimen117
\l__coffin_offset_y_dim=\dimen118
\l__coffin_x_dim=\dimen119
\l__coffin_y_dim=\dimen120
\l__coffin_x_prime_dim=\dimen121
\l__coffin_y_prime_dim=\dimen122
\c_empty_coffin=\box33
\l__coffin_aligned_coffin=\box34
\l__coffin_aligned_internal_coffin=\box35
\l_tmpa_coffin=\box36
\l_tmpb_coffin=\box37
\l__coffin_display_coffin=\box38
\l__coffin_display_coord_coffin=\box39
\l__coffin_display_pole_coffin=\box40
\l__coffin_display_offset_dim=\dimen123
\l__coffin_display_x_dim=\dimen124
\l__coffin_display_y_dim=\dimen125
\l__coffin_bounding_shift_dim=\dimen126
\l__coffin_left_corner_dim=\dimen127
\l__coffin_right_corner_dim=\dimen128
\l__coffin_bottom_corner_dim=\dimen129
\l__coffin_top_corner_dim=\dimen130
\l__coffin_scaled_total_height_dim=\dimen131
\l__coffin_scaled_width_dim=\dimen132
)
(/usr/local/texlive/2018/texmf-dist/tex/latex/l3kernel/l3pdfmode.def
File: l3pdfmode.def 2017/03/18 v L3 Experimental driver: PDF mode
\l__driver_color_stack_int=\count164
))
Package: xparse 2018/02/21 L3 Experimental document command parser
\l__xparse_current_arg_int=\count165
\g__xparse_grabber_int=\count166
\l__xparse_m_args_int=\count167
\l__xparse_mandatory_args_int=\count168
\l__xparse_v_nesting_int=\count169
)
(/usr/local/texlive/2018/texmf-dist/tex/latex/base/book.cls
Document Class: book 2014/09/29 v1.4h Standard LaTeX document class
(/usr/local/texlive/2018/texmf-dist/tex/latex/base/bk11.clo
File: bk11.clo 2014/09/29 v1.4h Standard LaTeX file (size option)
)
\c@part=\count170
\c@chapter=\count171
\c@section=\count172
\c@subsection=\count173
\c@subsubsection=\count174
\c@paragraph=\count175
\c@subparagraph=\count176
\c@figure=\count177
\c@table=\count178
\abovecaptionskip=\skip47
\belowcaptionskip=\skip48
\bibindent=\dimen133
)
.................................................
. LaTeX info: "xparse/define-command"
. 
. Defining command \abovechapterskip with sig. '' on line 59.
.................................................
.................................................
. LaTeX info: "xparse/define-command"
. 
. Defining command \chapterbelowskip with sig. '' on line 60.
.................................................
.................................................
. LaTeX info: "xparse/define-command"
. 
. Defining command \chapterinbetweenskip with sig. '' on line 61.
.................................................
.................................................
. LaTeX info: "xparse/define-command"
. 
. Defining command \autodot with sig. '' on line 62.
.................................................
.................................................
. LaTeX info: "xparse/define-command"
. 
. Defining command \mdtChapapp with sig. '' on line 63.
.................................................
.................................................
. LaTeX info: "xparse/define-command"
. 
. Defining command \chapteralign with sig. '' on line 64.
.................................................
.................................................
. LaTeX info: "xparse/define-command"
. 
. Defining command \chapterfont with sig. '' on line 65.
.................................................
.................................................
. LaTeX info: "xparse/define-command"
. 
. Defining command \chapterprefixfont with sig. '' on line 66.
.................................................
.................................................
. LaTeX info: "xparse/redefine-command"
. 
. Redefining command \@makechapterhead with sig. ' m ' on line 86.
.................................................
.................................................
. LaTeX info: "xparse/define-command"
. 
. Defining command \addchap with sig. ' s o m ' on line 113.
.................................................
.................................................
. LaTeX info: "xparse/define-command"
. 
. Defining command \addsec with sig. ' s o m ' on line 128.
.................................................

(/usr/local/texlive/2018/texmf-dist/tex/generic/babel/babel.sty
Package: babel 2018/02/14 3.18 The Babel package

(/usr/local/texlive/2018/texmf-dist/tex/generic/babel/switch.def
File: switch.def 2018/02/14 3.18 Babel switching mechanism
)
(/usr/local/texlive/2018/texmf-dist/tex/generic/babel-english/english.ldf
Language: english 2017/06/06 v3.3r English support from the babel system

(/usr/local/texlive/2018/texmf-dist/tex/generic/babel/babel.def
File: babel.def 2018/02/14 3.18 Babel common definitions
\babel@savecnt=\count179
\U@D=\dimen134

(/usr/local/texlive/2018/texmf-dist/tex/generic/babel/txtbabel.def)
\bbl@dirlevel=\count180
)
\l@canadian = a dialect from \language\l@american 
\l@australian = a dialect from \language\l@british 
\l@newzealand = a dialect from \language\l@british 
))
(/usr/local/texlive/2018/texmf-dist/tex/latex/koma-script/scrbase.sty
Package: scrbase 2018/03/30 v3.25 KOMA-Script package (KOMA-Script-independent 
basics and keyval usage)

(/usr/local/texlive/2018/texmf-dist/tex/latex/graphics/keyval.sty
Package: keyval 2014/10/28 v1.15 key=value parser (DPC)
\KV@toks@=\toks14
)
(/usr/local/texlive/2018/texmf-dist/tex/latex/koma-script/scrlfile.sty
Package: scrlfile 2018/03/30 v3.25 KOMA-Script package (loading files)
))
(/usr/local/texlive/2018/texmf-dist/tex/latex/koma-script/scrhack.sty
Package: scrhack 2018/03/30 v3.25 KOMA-Script package 

(/usr/local/texlive/2018/texmf-dist/tex/latex/koma-script/scrkbase.sty
Package: scrkbase 2018/03/30 v3.25 KOMA-Script package (KOMA-Script-dependent b
asics and keyval usage)
)
(/usr/local/texlive/2018/texmf-dist/tex/latex/xpatch/xpatch.sty
Package: xpatch 2012/10/02 v0.3 Extending etoolbox patching commands
.................................................
. LaTeX info: "xparse/define-command"
. 
. Defining command \xpatchcmd with sig. '' on line 125.
.................................................
.................................................
. LaTeX info: "xparse/define-command"
. 
. Defining command \xpretocmd with sig. '' on line 126.
.................................................
.................................................
. LaTeX info: "xparse/define-command"
. 
. Defining command \xapptocmd with sig. '' on line 127.
.................................................
.................................................
. LaTeX info: "xparse/define-command"
. 
. Defining command \xshowcmd with sig. '' on line 128.
.................................................
.................................................
. LaTeX info: "xparse/define-command"
. 
. Defining command \xpatchbibmacro with sig. 'm' on line 131.
.................................................
.................................................
. LaTeX info: "xparse/define-command"
. 
. Defining command \xpretobibmacro with sig. 'm' on line 133.
.................................................
.................................................
. LaTeX info: "xparse/define-command"
. 
. Defining command \xapptobibmacro with sig. 'm' on line 135.
.................................................
.................................................
. LaTeX info: "xparse/define-command"
. 
. Defining command \xshowbibmacro with sig. 'm' on line 137.
.................................................
.................................................
. LaTeX info: "xparse/define-command"
. 
. Defining command \xpatchfieldformat with sig. 'O{*}m' on line 139.
.................................................
.................................................
. LaTeX info: "xparse/define-command"
. 
. Defining command \xpretofieldformat with sig. 'O{*}m' on line 141.
.................................................
.................................................
. LaTeX info: "xparse/define-command"
. 
. Defining command \xapptofieldformat with sig. 'O{*}m' on line 143.
.................................................
.................................................
. LaTeX info: "xparse/define-command"
. 
. Defining command \xshowfieldformat with sig. 'O{*}m' on line 145.
.................................................
.................................................
. LaTeX info: "xparse/define-command"
. 
. Defining command \xpatchnameformat with sig. 'O{*}m' on line 147.
.................................................
.................................................
. LaTeX info: "xparse/define-command"
. 
. Defining command \xpretonameformat with sig. 'O{*}m' on line 149.
.................................................
.................................................
. LaTeX info: "xparse/define-command"
. 
. Defining command \xapptonameformat with sig. 'O{*}m' on line 151.
.................................................
.................................................
. LaTeX info: "xparse/define-command"
. 
. Defining command \xshownameformat with sig. 'O{*}m' on line 153.
.................................................
.................................................
. LaTeX info: "xparse/define-command"
. 
. Defining command \xpatchlistformat with sig. 'O{*}m' on line 155.
.................................................
.................................................
. LaTeX info: "xparse/define-command"
. 
. Defining command \xpretolistformat with sig. 'O{*}m' on line 157.
.................................................
.................................................
. LaTeX info: "xparse/define-command"
. 
. Defining command \xapptolistformat with sig. 'O{*}m' on line 159.
.................................................
.................................................
. LaTeX info: "xparse/define-command"
. 
. Defining command \xshowlistformat with sig. 'O{*}m' on line 161.
.................................................
.................................................
. LaTeX info: "xparse/define-command"
. 
. Defining command \xpatchindexfieldformat with sig. 'O{*}m' on line 163.
.................................................
.................................................
. LaTeX info: "xparse/define-command"
. 
. Defining command \xpretoindexfieldformat with sig. 'O{*}m' on line 165.
.................................................
.................................................
. LaTeX info: "xparse/define-command"
. 
. Defining command \xapptoindexfieldformat with sig. 'O{*}m' on line 167.
.................................................
.................................................
. LaTeX info: "xparse/define-command"
. 
. Defining command \xshowindexfieldformat with sig. 'O{*}m' on line 169.
.................................................
.................................................
. LaTeX info: "xparse/define-command"
. 
. Defining command \xpatchindexnameformat with sig. 'O{*}m' on line 171.
.................................................
.................................................
. LaTeX info: "xparse/define-command"
. 
. Defining command \xpretoindexnameformat with sig. 'O{*}m' on line 173.
.................................................
.................................................
. LaTeX info: "xparse/define-command"
. 
. Defining command \xapptoindexnameformat with sig. 'O{*}m' on line 175.
.................................................
.................................................
. LaTeX info: "xparse/define-command"
. 
. Defining command \xshowindexnameformat with sig. 'O{*}m' on line 177.
.................................................
.................................................
. LaTeX info: "xparse/define-command"
. 
. Defining command \xpatchindexlistformat with sig. 'O{*}m' on line 179.
.................................................
.................................................
. LaTeX info: "xparse/define-command"
. 
. Defining command \xpretoindexlistformat with sig. 'O{*}m' on line 181.
.................................................
.................................................
. LaTeX info: "xparse/define-command"
. 
. Defining command \xappindextolistformat with sig. 'O{*}m' on line 183.
.................................................
.................................................
. LaTeX info: "xparse/define-command"
. 
. Defining command \xshowindexlistformat with sig. 'O{*}m' on line 185.
.................................................
.................................................
. LaTeX info: "xparse/define-command"
. 
. Defining command \xpatchbibdriver with sig. 'm' on line 187.
.................................................
.................................................
. LaTeX info: "xparse/define-command"
. 
. Defining command \xpretobibdriver with sig. 'm' on line 189.
.................................................
.................................................
. LaTeX info: "xparse/define-command"
. 
. Defining command \xapptobibdriver with sig. 'm' on line 191.
.................................................
.................................................
. LaTeX info: "xparse/define-command"
. 
. Defining command \xshowbibdriver with sig. 'm' on line 193.
.................................................
))
(/usr/local/texlive/2018/texmf-dist/tex/latex/setspace/setspace.sty
Package: setspace 2011/12/19 v6.7a set line spacing
)
Package scrhack Info: loading setspace hack on input line 193.

(/usr/local/texlive/2018/texmf-dist/tex/latex/koma-script/setspace.hak
File: setspace.hak 2018/03/30 v3.25 KOMA-Script package (hacking package setspa
ce)
)
(/usr/local/texlive/2018/texmf-dist/tex/latex/tools/longtable.sty
Package: longtable 2014/10/28 v4.11 Multi-page Table package (DPC)
\LTleft=\skip49
\LTright=\skip50
\LTpre=\skip51
\LTpost=\skip52
\LTchunksize=\count181
\LTcapwidth=\dimen135
\LT@head=\box41
\LT@firsthead=\box42
\LT@foot=\box43
\LT@lastfoot=\box44
\LT@cols=\count182
\LT@rows=\count183
\c@LT@tables=\count184
\c@LT@chunks=\count185
\LT@p@ftn=\toks15
)
(/usr/local/texlive/2018/texmf-dist/tex/latex/siunitx/siunitx.sty
Package: siunitx 2018-03-20 v2.7m A comprehensive (SI) units package

(/usr/local/texlive/2018/texmf-dist/tex/latex/amsmath/amstext.sty
Package: amstext 2000/06/29 v2.01 AMS text

(/usr/local/texlive/2018/texmf-dist/tex/latex/amsmath/amsgen.sty
File: amsgen.sty 1999/11/30 v2.0 generic functions
\@emptytoks=\toks16
\ex@=\dimen136
))
(/usr/local/texlive/2018/texmf-dist/tex/latex/tools/array.sty
Package: array 2018/04/07 v2.4g Tabular extension package (FMi)
\col@sep=\dimen137
\ar@mcellbox=\box45
\extrarowheight=\dimen138
\NC@list=\toks17
\extratabsurround=\skip53
\backup@length=\skip54
\ar@cellbox=\box46
)
(/usr/local/texlive/2018/texmf-dist/tex/latex/l3packages/l3keys2e/l3keys2e.sty
Package: l3keys2e 2018/02/21 LaTeX2e option processing using LaTeX3 keys
)
\l__siunitx_tmp_box=\box47
\l__siunitx_tmp_dim=\dimen139
\l__siunitx_tmp_int=\count186
\l__siunitx_number_mantissa_length_int=\count187
\l__siunitx_number_uncert_length_int=\count188
\l__siunitx_round_int=\count189
\l__siunitx_process_decimal_int=\count190
\l__siunitx_process_uncertainty_int=\count191
\l__siunitx_process_fixed_int=\count192
\l__siunitx_process_integer_min_int=\count193
\l__siunitx_process_precision_int=\count194
\l__siunitx_group_min_int=\count195
\l__siunitx_angle_marker_box=\box48
\l__siunitx_angle_unit_box=\box49
\l__siunitx_angle_marker_dim=\dimen140
\l__siunitx_angle_unit_dim=\dimen141
\l__siunitx_unit_int=\count196
\l__siunitx_unit_denominator_int=\count197
\l__siunitx_unit_numerator_int=\count198
\l__siunitx_unit_prefix_int=\count199
\l__siunitx_unit_prefix_base_int=\count266
\l__siunitx_unit_prefix_gram_int=\count267
\l__siunitx_number_product_int=\count268
\c__siunitx_one_fill_skip=\skip55
\l__siunitx_table_unit_align_skip=\skip56
\l__siunitx_table_exponent_dim=\dimen142
\l__siunitx_table_integer_dim=\dimen143
\l__siunitx_table_mantissa_dim=\dimen144
\l__siunitx_table_marker_dim=\dimen145
\l__siunitx_table_result_dim=\dimen146
\l__siunitx_table_uncert_dim=\dimen147
\l__siunitx_table_fill_pre_dim=\dimen148
\l__siunitx_table_fill_post_dim=\dimen149
\l__siunitx_table_fill_mid_dim=\dimen150
\l__siunitx_table_pre_box=\box50
\l__siunitx_table_post_box=\box51
\l__siunitx_table_mantissa_box=\box52
\l__siunitx_table_result_box=\box53
\l__siunitx_table_number_align_skip=\skip57
\l__siunitx_table_text_align_skip=\skip58
.................................................
. LaTeX info: "xparse/define-command"
. 
. Defining command \DeclareBinaryPrefix with sig. 'mmm' on line 7244.
.................................................
.................................................
. LaTeX info: "xparse/define-command"
. 
. Defining command \DeclareSIPostPower with sig. 'mm' on line 7247.
.................................................
.................................................
. LaTeX info: "xparse/define-command"
. 
. Defining command \DeclareSIPrefix with sig. 'mmm' on line 7250.
.................................................
.................................................
. LaTeX info: "xparse/define-command"
. 
. Defining command \DeclareSIPrePower with sig. 'mm' on line 7253.
.................................................
.................................................
. LaTeX info: "xparse/define-command"
. 
. Defining command \DeclareSIQualifier with sig. 'mm' on line 7256.
.................................................
.................................................
. LaTeX info: "xparse/define-command"
. 
. Defining command \DeclareSIUnit with sig. 'O{}mm' on line 7259.
.................................................
.................................................
. LaTeX info: "xparse/define-command"
. 
. Defining command \DeclareSIUnitWithOptions with sig. 'mmm' on line 7262.
.................................................
.................................................
. LaTeX info: "xparse/define-command"
. 
. Defining command \ang with sig. 'o>{\SplitArgument {2}{;}}m' on line 7277.
.................................................
.................................................
. LaTeX info: "xparse/define-command"
. 
. Defining command \num with sig. 'om' on line 7286.
.................................................
.................................................
. LaTeX info: "xparse/define-command"
. 
. Defining command \numlist with sig. 'o>{\SplitList {;}}m' on line 7295.
.................................................
.................................................
. LaTeX info: "xparse/define-command"
. 
. Defining command \numrange with sig. 'omm' on line 7304.
.................................................
.................................................
. LaTeX info: "xparse/define-command"
. 
. Defining command \SIlist with sig. 'o>{\SplitList {;}}mm' on line 7316.
.................................................
.................................................
. LaTeX info: "xparse/define-command"
. 
. Defining command \SIrange with sig. 'ommm' on line 7328.
.................................................
.................................................
. LaTeX info: "xparse/define-command"
. 
. Defining command \SI with sig. 'omom' on line 7340.
.................................................
.................................................
. LaTeX info: "xparse/define-command"
. 
. Defining command \sisetup with sig. 'm' on line 7343.
.................................................
.................................................
. LaTeX info: "xparse/define-command"
. 
. Defining command \tablenum with sig. 'om' on line 7358.
.................................................
.................................................
. LaTeX info: "xparse/define-command"
. 
. Defining command \si with sig. 'om' on line 7370.
.................................................
.................................................
. LaTeX info: "xparse/define-command"
. 
. Defining command \numInBookmark with sig. 'om' on line 7417.
.................................................
.................................................
. LaTeX info: "xparse/define-command"
. 
. Defining command \numrangeInBookmark with sig. 'omm' on line 7419.
.................................................
.................................................
. LaTeX info: "xparse/define-command"
. 
. Defining command \SIInBookmark with sig. 'omom' on line 7421.
.................................................
.................................................
. LaTeX info: "xparse/define-command"
. 
. Defining command \SIlistInBookmark with sig. 'omm' on line 7423.
.................................................
.................................................
. LaTeX info: "xparse/define-command"
. 
. Defining command \SIrangeInBookmark with sig. 'ommm' on line 7425.
.................................................
.................................................
. LaTeX info: "xparse/define-command"
. 
. Defining command \siInBookmark with sig. 'om' on line 7426.
.................................................
\g__file_internal_ior=\read1
(/usr/local/texlive/2018/texmf-dist/tex/latex/translator/translator.sty
Package: translator 2018/01/04 v1.12 Easy translation of strings in LaTeX
))
(/usr/local/texlive/2018/texmf-dist/tex/latex/graphics/graphicx.sty
Package: graphicx 2017/06/01 v1.1a Enhanced LaTeX Graphics (DPC,SPQR)

(/usr/local/texlive/2018/texmf-dist/tex/latex/graphics/graphics.sty
Package: graphics 2017/06/25 v1.2c Standard LaTeX Graphics (DPC,SPQR)

(/usr/local/texlive/2018/texmf-dist/tex/latex/graphics/trig.sty
Package: trig 2016/01/03 v1.10 sin cos tan (DPC)
)
(/usr/local/texlive/2018/texmf-dist/tex/latex/graphics-cfg/graphics.cfg
File: graphics.cfg 2016/06/04 v1.11 sample graphics configuration
)
Package graphics Info: Driver file: pdftex.def on input line 99.

(/usr/local/texlive/2018/texmf-dist/tex/latex/graphics-def/pdftex.def
File: pdftex.def 2018/01/08 v1.0l Graphics/color driver for pdftex
))
\Gin@req@height=\dimen151
\Gin@req@width=\dimen152
)
(/usr/local/texlive/2018/texmf-dist/tex/latex/booktabs/booktabs.sty
Package: booktabs 2016/04/27 v1.618033 publication quality tables
\heavyrulewidth=\dimen153
\lightrulewidth=\dimen154
\cmidrulewidth=\dimen155
\belowrulesep=\dimen156
\belowbottomsep=\dimen157
\aboverulesep=\dimen158
\abovetopsep=\dimen159
\cmidrulesep=\dimen160
\cmidrulekern=\dimen161
\defaultaddspace=\dimen162
\@cmidla=\count269
\@cmidlb=\count270
\@aboverulesep=\dimen163
\@belowrulesep=\dimen164
\@thisruleclass=\count271
\@lastruleclass=\count272
\@thisrulewidth=\dimen165
)
(/usr/local/texlive/2018/texmf-dist/tex/latex/caption/caption.sty
Package: caption 2016/02/21 v3.3-144 Customizing captions (AR)

(/usr/local/texlive/2018/texmf-dist/tex/latex/caption/caption3.sty
Package: caption3 2016/05/22 v1.7-166 caption3 kernel (AR)
Package caption3 Info: TeX engine: e-TeX on input line 67.
\captionmargin=\dimen166
\captionmargin@=\dimen167
\captionwidth=\dimen168
\caption@tempdima=\dimen169
\caption@indent=\dimen170
\caption@parindent=\dimen171
\caption@hangindent=\dimen172
)
\c@ContinuedFloat=\count273
Package caption Info: longtable package is loaded.

(/usr/local/texlive/2018/texmf-dist/tex/latex/caption/ltcaption.sty
Package: ltcaption 2013/06/09 v1.4-94 longtable captions (AR)
))
.................................................
. LaTeX info: "xparse/define-command"
. 
. Defining command \thesistitle with sig. ' o m ' on line 214.
.................................................
.................................................
. LaTeX info: "xparse/redefine-command"
. 
. Redefining command \author with sig. 'm' on line 215.
.................................................
.................................................
. LaTeX info: "xparse/define-command"
. 
. Defining command \supervisor with sig. 'm' on line 216.
.................................................
.................................................
. LaTeX info: "xparse/define-command"
. 
. Defining command \examiner with sig. 'm' on line 217.
.................................................
.................................................
. LaTeX info: "xparse/define-command"
. 
. Defining command \degree with sig. 'm' on line 218.
.................................................
.................................................
. LaTeX info: "xparse/define-command"
. 
. Defining command \addresses with sig. 'm' on line 219.
.................................................
.................................................
. LaTeX info: "xparse/define-command"
. 
. Defining command \university with sig. 'm' on line 220.
.................................................
.................................................
. LaTeX info: "xparse/define-command"
. 
. Defining command \department with sig. 'm' on line 221.
.................................................
.................................................
. LaTeX info: "xparse/define-command"
. 
. Defining command \faculty with sig. 'm' on line 222.
.................................................
.................................................
. LaTeX info: "xparse/define-command"
. 
. Defining command \subject with sig. 'm' on line 223.
.................................................
.................................................
. LaTeX info: "xparse/define-command"
. 
. Defining command \keywords with sig. 'm' on line 224.
.................................................
.................................................
. LaTeX info: "xparse/define-command"
. 
. Defining command \bhrule with sig. '' on line 231.
.................................................
.................................................
. LaTeX info: "xparse/define-command"
. 
. Defining command \tttypeout with sig. 'm' on line 232.
.................................................
.................................................
. LaTeX info: "xparse/define-command"
. 
. Defining command \addchaptertocentry with sig. ' m ' on line 240.
.................................................

(/usr/local/texlive/2018/texmf-dist/tex/latex/xcolor/xcolor.sty
Package: xcolor 2016/05/11 v2.12 LaTeX color extensions (UK)

(/usr/local/texlive/2018/texmf-dist/tex/latex/graphics-cfg/color.cfg
File: color.cfg 2016/01/02 v1.6 sample color configuration
)
Package xcolor Info: Driver file: pdftex.def on input line 225.
Package xcolor Info: Model `cmy' substituted by `cmy0' on input line 1348.
Package xcolor Info: Model `hsb' substituted by `rgb' on input line 1352.
Package xcolor Info: Model `RGB' extended on input line 1364.
Package xcolor Info: Model `HTML' substituted by `rgb' on input line 1366.
Package xcolor Info: Model `Hsb' substituted by `hsb' on input line 1367.
Package xcolor Info: Model `tHsb' substituted by `hsb' on input line 1368.
Package xcolor Info: Model `HSB' substituted by `hsb' on input line 1369.
Package xcolor Info: Model `Gray' substituted by `gray' on input line 1370.
Package xcolor Info: Model `wave' substituted by `hsb' on input line 1371.
)
(/usr/local/texlive/2018/texmf-dist/tex/latex/geometry/geometry.sty
Package: geometry 2018/03/24 v5.7 Page Geometry

(/usr/local/texlive/2018/texmf-dist/tex/generic/oberdiek/ifpdf.sty
Package: ifpdf 2017/03/15 v3.2 Provides the ifpdf switch
)
(/usr/local/texlive/2018/texmf-dist/tex/generic/oberdiek/ifvtex.sty
Package: ifvtex 2016/05/16 v1.6 Detect VTeX and its facilities (HO)
Package ifvtex Info: VTeX not detected.
)
(/usr/local/texlive/2018/texmf-dist/tex/generic/ifxetex/ifxetex.sty
Package: ifxetex 2010/09/12 v0.6 Provides ifxetex conditional
)
\Gm@cnth=\count274
\Gm@cntv=\count275
\c@Gm@tempcnt=\count276
\Gm@bindingoffset=\dimen173
\Gm@wd@mp=\dimen174
\Gm@odd@mp=\dimen175
\Gm@even@mp=\dimen176
\Gm@layoutwidth=\dimen177
\Gm@layoutheight=\dimen178
\Gm@layouthoffset=\dimen179
\Gm@layoutvoffset=\dimen180
\Gm@dimlist=\toks18
)
(/usr/local/texlive/2018/texmf-dist/tex/latex/koma-script/scrlayer-scrpage.sty
Package: scrlayer-scrpage 2018/03/30 v3.25 KOMA-Script package (end user interf
ace for scrlayer)

(/usr/local/texlive/2018/texmf-dist/tex/latex/koma-script/scrlayer.sty
Package: scrlayer 2018/03/30 v3.25 KOMA-Script package (defining layers and pag
e styles)
\footheight=\skip59
Package scrlayer Info: patching LaTeX kernel macro \pagestyle on input line 199
7.
)
Package scrbase Info: Unknown processing state.
(scrbase)             Processing option `markcase=used'
(scrbase)             of member `.scrlayer-scrpage.sty' of family
(scrbase)             `KOMA' doesn't set
(scrbase)             a valid state. This will be interpreted
(scrbase)             as \FamilyKeyStateProcessed on input line 724.
)
Package scrlayer-scrpage Info: auto-selection of `pagestyleset=standard'.

1: chapter
1: chapter
1: section
.................................................
. LaTeX info: "xparse/define-command"
. 
. Defining command \blankpagestyle with sig. ' m ' on line 308.
.................................................
.................................................
. LaTeX info: "xparse/define-command"
. 
. Defining command \setblankpagestyle with sig. ' m ' on line 309.
.................................................
.................................................
. LaTeX info: "xparse/define-command"
. 
. Defining command \setchapterpagestyle with sig. ' m ' on line 310.
.................................................
.................................................
. LaTeX info: "xparse/redefine-command"
. 
. Redefining command \cleardoublepage with sig. '' on line 317.
.................................................
.................................................
. LaTeX info: "xparse/define-environment"
. 
. Defining environment 'abbreviations' with sig. ' m ' on line 334.
.................................................
.................................................
. LaTeX info: "xparse/define-command"
. 
. Defining command \abstractauthorfont with sig. '' on line 340.
.................................................
.................................................
. LaTeX info: "xparse/define-command"
. 
. Defining command \abstracttitlefont with sig. '' on line 341.
.................................................
.................................................
. LaTeX info: "xparse/define-environment"
. 
. Defining environment 'abstract' with sig. ' O{\null \vfill } ' on line 380.
.................................................
.................................................
. LaTeX info: "xparse/define-environment"
. 
. Defining environment 'extraAbstract' with sig. ' O{\null \vfill } ' on line
. 405.
.................................................
.................................................
. LaTeX info: "xparse/define-environment"
. 
. Defining environment 'acknowledgements' with sig. '' on line 433.
.................................................
.................................................
. LaTeX info: "xparse/define-environment"
. 
. Defining environment 'declaration' with sig. '' on line 455.
.................................................
.................................................
. LaTeX info: "xparse/define-environment"
. 
. Defining environment 'constants' with sig. ' m ' on line 497.
.................................................
.................................................
. LaTeX info: "xparse/define-environment"
. 
. Defining environment 'symbols' with sig. ' m ' on line 515.
.................................................
) (/usr/local/texlive/2018/texmf-dist/tex/latex/base/inputenc.sty
Package: inputenc 2018/04/06 v1.3b Input encoding file
\inpenc@prehook=\toks19
\inpenc@posthook=\toks20
)
(/usr/local/texlive/2018/texmf-dist/tex/latex/base/fontenc.sty
Package: fontenc 2017/04/05 v2.0i Standard LaTeX package

(/usr/local/texlive/2018/texmf-dist/tex/latex/base/t1enc.def
File: t1enc.def 2017/04/05 v2.0i Standard LaTeX file
LaTeX Font Info:    Redeclaring font encoding T1 on input line 48.
))
(/usr/local/texlive/2018/texmf-dist/tex/latex/multirow/multirow.sty
Package: multirow 2016/11/25 v2.2 Span multiple rows of a table
\multirow@colwidth=\skip60
\multirow@cntb=\count277
\multirow@dima=\skip61
\bigstrutjot=\dimen181
)
(/usr/local/texlive/2018/texmf-dist/tex/latex/colortbl/colortbl.sty
Package: colortbl 2012/02/13 v1.0a Color table columns (DPC)
\everycr=\toks21
\minrowclearance=\skip62
)
(/usr/local/texlive/2018/texmf-dist/tex/latex/wrapfig/wrapfig.sty
\wrapoverhang=\dimen182
\WF@size=\dimen183
\c@WF@wrappedlines=\count278
\WF@box=\box54
\WF@everypar=\toks22
Package: wrapfig 2003/01/31  v 3.6
)
(/usr/local/texlive/2018/texmf-dist/tex/latex/titlesec/titlesec.sty
Package: titlesec 2016/03/21 v2.10.2 Sectioning titles
\ttl@box=\box55
\beforetitleunit=\skip63
\aftertitleunit=\skip64
\ttl@plus=\dimen184
\ttl@minus=\dimen185
\ttl@toksa=\toks23
\titlewidth=\dimen186
\titlewidthlast=\dimen187
\titlewidthfirst=\dimen188
)
(/usr/local/texlive/2018/texmf-dist/tex/latex/psnfss/mathpazo.sty
Package: mathpazo 2005/04/12 PSNFSS-v9.2a Palatino w/ Pazo Math (D.Puga, WaS) 
\symupright=\mathgroup4
)
(/usr/local/texlive/2018/texmf-dist/tex/latex/biblatex/biblatex.sty
Package: biblatex 2018/03/04 v3.11 programmable bibliographies (PK/MW)

(/usr/local/texlive/2018/texmf-dist/tex/generic/oberdiek/pdftexcmds.sty
Package: pdftexcmds 2018/01/30 v0.27 Utility functions of pdfTeX for LuaTeX (HO
)

(/usr/local/texlive/2018/texmf-dist/tex/generic/oberdiek/infwarerr.sty
Package: infwarerr 2016/05/16 v1.4 Providing info/warning/error messages (HO)
)
(/usr/local/texlive/2018/texmf-dist/tex/generic/oberdiek/ifluatex.sty
Package: ifluatex 2016/05/16 v1.4 Provides the ifluatex switch (HO)
Package ifluatex Info: LuaTeX not detected.
)
(/usr/local/texlive/2018/texmf-dist/tex/generic/oberdiek/ltxcmds.sty
Package: ltxcmds 2016/05/16 v1.23 LaTeX kernel commands for general use (HO)
)
Package pdftexcmds Info: LuaTeX not detected.
Package pdftexcmds Info: \pdf@primitive is available.
Package pdftexcmds Info: \pdf@ifprimitive is available.
Package pdftexcmds Info: \pdfdraftmode found.
)
(/usr/local/texlive/2018/texmf-dist/tex/latex/oberdiek/kvoptions.sty
Package: kvoptions 2016/05/16 v3.12 Key value format for package options (HO)

(/usr/local/texlive/2018/texmf-dist/tex/generic/oberdiek/kvsetkeys.sty
Package: kvsetkeys 2016/05/16 v1.17 Key value parser (HO)

(/usr/local/texlive/2018/texmf-dist/tex/generic/oberdiek/etexcmds.sty
Package: etexcmds 2016/05/16 v1.6 Avoid name clashes with e-TeX commands (HO)
Package etexcmds Info: Could not find \expanded.
(etexcmds)             That can mean that you are not using pdfTeX 1.50 or
(etexcmds)             that some package has redefined \expanded.
(etexcmds)             In the latter case, load this package earlier.
)))
(/usr/local/texlive/2018/texmf-dist/tex/latex/logreq/logreq.sty
Package: logreq 2010/08/04 v1.0 xml request logger
\lrq@indent=\count279

(/usr/local/texlive/2018/texmf-dist/tex/latex/logreq/logreq.def
File: logreq.def 2010/08/04 v1.0 logreq spec v1.0
))
(/usr/local/texlive/2018/texmf-dist/tex/latex/base/ifthen.sty
Package: ifthen 2014/09/29 v1.1c Standard LaTeX ifthen package (DPC)
)
(/usr/local/texlive/2018/texmf-dist/tex/latex/url/url.sty
\Urlmuskip=\muskip16
Package: url 2013/09/16  ver 3.4  Verb mode for urls, etc.
)
(/usr/local/texlive/2018/texmf-dist/tex/generic/xstring/xstring.sty
(/usr/local/texlive/2018/texmf-dist/tex/generic/xstring/xstring.tex
\@xs@message=\write3
\integerpart=\count280
\decimalpart=\count281
)
Package: xstring 2013/10/13  v1.7c  String manipulations (C Tellechea)
)
\c@tabx@nest=\count282
\c@listtotal=\count283
\c@listcount=\count284
\c@liststart=\count285
\c@liststop=\count286
\c@citecount=\count287
\c@citetotal=\count288
\c@multicitecount=\count289
\c@multicitetotal=\count290
\c@instcount=\count291
\c@maxnames=\count292
\c@minnames=\count293
\c@maxitems=\count294
\c@minitems=\count295
\c@citecounter=\count296
\c@savedcitecounter=\count297
\c@uniquelist=\count298
\c@uniquename=\count299
\c@refsection=\count300
\c@refsegment=\count301
\c@maxextratitle=\count302
\c@maxextratitleyear=\count303
\c@maxextradate=\count304
\c@maxextraalpha=\count305
\c@abbrvpenalty=\count306
\c@highnamepenalty=\count307
\c@lownamepenalty=\count308
\c@maxparens=\count309
\c@parenlevel=\count310
\blx@tempcnta=\count311
\blx@tempcntb=\count312
\blx@tempcntc=\count313
\blx@maxsection=\count314
\blx@maxsegment@0=\count315
\blx@notetype=\count316
\blx@parenlevel@text=\count317
\blx@parenlevel@foot=\count318
\blx@sectionciteorder@0=\count319
\labelnumberwidth=\skip65
\labelalphawidth=\skip66
\biblabelsep=\skip67
\bibitemsep=\skip68
\bibnamesep=\skip69
\bibinitsep=\skip70
\bibparsep=\skip71
\bibhang=\skip72
\blx@bcfin=\read2
\blx@bcfout=\write4
\c@mincomprange=\count320
\c@maxcomprange=\count321
\c@mincompwidth=\count322
Package biblatex Info: Trying to load biblatex default data model...
Package biblatex Info: ... file 'blx-dm.def' found.

(/usr/local/texlive/2018/texmf-dist/tex/latex/biblatex/blx-dm.def
File: blx-dm.def 2018/03/04 v3.11 biblatex localization (PK/MW)
)
Package biblatex Info: Trying to load biblatex style data model...
Package biblatex Info: ... file 'authoryear.dbx' not found.
Package biblatex Info: Trying to load biblatex custom data model...
Package biblatex Info: ... file 'biblatex-dm.cfg' not found.
\c@afterword=\count323
\c@savedafterword=\count324
\c@annotator=\count325
\c@savedannotator=\count326
\c@author=\count327
\c@savedauthor=\count328
\c@bookauthor=\count329
\c@savedbookauthor=\count330
\c@commentator=\count331
\c@savedcommentator=\count332
\c@editor=\count333
\c@savededitor=\count334
\c@editora=\count335
\c@savededitora=\count336
\c@editorb=\count337
\c@savededitorb=\count338
\c@editorc=\count339
\c@savededitorc=\count340
\c@foreword=\count341
\c@savedforeword=\count342
\c@holder=\count343
\c@savedholder=\count344
\c@introduction=\count345
\c@savedintroduction=\count346
\c@namea=\count347
\c@savednamea=\count348
\c@nameb=\count349
\c@savednameb=\count350
\c@namec=\count351
\c@savednamec=\count352
\c@translator=\count353
\c@savedtranslator=\count354
\c@shortauthor=\count355
\c@savedshortauthor=\count356
\c@shorteditor=\count357
\c@savedshorteditor=\count358
\c@labelname=\count359
\c@savedlabelname=\count360
\c@institution=\count361
\c@savedinstitution=\count362
\c@lista=\count363
\c@savedlista=\count364
\c@listb=\count365
\c@savedlistb=\count366
\c@listc=\count367
\c@savedlistc=\count368
\c@listd=\count369
\c@savedlistd=\count370
\c@liste=\count371
\c@savedliste=\count372
\c@listf=\count373
\c@savedlistf=\count374
\c@location=\count375
\c@savedlocation=\count376
\c@organization=\count377
\c@savedorganization=\count378
\c@origlocation=\count379
\c@savedoriglocation=\count380
\c@origpublisher=\count381
\c@savedorigpublisher=\count382
\c@publisher=\count383
\c@savedpublisher=\count384
\c@language=\count385
\c@savedlanguage=\count386
\c@origlanguage=\count387
\c@savedoriglanguage=\count388
\c@pageref=\count389
\c@savedpageref=\count390
\shorthandwidth=\skip73
\shortjournalwidth=\skip74
\shortserieswidth=\skip75
\shorttitlewidth=\skip76
\shortauthorwidth=\skip77
\shorteditorwidth=\skip78
\locallabelnumberwidth=\skip79
\locallabelalphawidth=\skip80
\localshorthandwidth=\skip81
\localshortjournalwidth=\skip82
\localshortserieswidth=\skip83
\localshorttitlewidth=\skip84
\localshortauthorwidth=\skip85
\localshorteditorwidth=\skip86
Package biblatex Info: Trying to load compatibility code...
Package biblatex Info: ... file 'blx-compat.def' found.

(/usr/local/texlive/2018/texmf-dist/tex/latex/biblatex/blx-compat.def
File: blx-compat.def 2018/03/04 v3.11 biblatex compatibility (PK/MW)
)
Package biblatex Info: Trying to load BibTeX backend compatibility...
Package biblatex Info: ... file 'blx-bibtex.def' found.

(/usr/local/texlive/2018/texmf-dist/tex/latex/biblatex/blx-bibtex.def
File: blx-bibtex.def 2018/03/04 v3.11 biblatex compatibility (PK/MW)


Package biblatex Warning: Using fall-back BibTeX(8) backend:
(biblatex)                functionality may be reduced/unavailable.

)
Package biblatex Info: Trying to load generic definitions...
Package biblatex Info: ... file 'biblatex.def' found.
 (/usr/local/texlive/2018/texmf-dist/tex/latex/biblatex/biblatex.def
File: biblatex.def 2018/03/04 v3.11 biblatex compatibility (PK/MW)
\c@textcitecount=\count391
\c@textcitetotal=\count392
\c@textcitemaxnames=\count393
\c@biburlnumpenalty=\count394
\c@biburlucpenalty=\count395
\c@biburllcpenalty=\count396
\c@smartand=\count397
)
Package biblatex Info: Trying to load natbib compatibility...
Package biblatex Info: ... file 'blx-natbib.def' found.

(/usr/local/texlive/2018/texmf-dist/tex/latex/biblatex/blx-natbib.def
File: blx-natbib.def 2018/03/04 v3.11 biblatex compatibility (PK/MW)
)
Package biblatex Info: Trying to load bibliography style 'authoryear'...
Package biblatex Info: ... file 'authoryear.bbx' found.

(/usr/local/texlive/2018/texmf-dist/tex/latex/biblatex/bbx/authoryear.bbx
File: authoryear.bbx 2018/03/04 v3.11 biblatex bibliography style (PK/MW)
Package biblatex Info: Trying to load bibliography style 'standard'...
Package biblatex Info: ... file 'standard.bbx' found.

(/usr/local/texlive/2018/texmf-dist/tex/latex/biblatex/bbx/standard.bbx
File: standard.bbx 2018/03/04 v3.11 biblatex bibliography style (PK/MW)
\c@bbx:relatedcount=\count398
\c@bbx:relatedtotal=\count399
))
Package biblatex Info: Trying to load citation style 'authoryear'...
Package biblatex Info: ... file 'authoryear.cbx' found.

(/usr/local/texlive/2018/texmf-dist/tex/latex/biblatex/cbx/authoryear.cbx
File: authoryear.cbx 2018/03/04 v3.11 biblatex citation style (PK/MW)
Package biblatex Info: Redefining '\cite'.
Package biblatex Info: Redefining '\parencite'.
Package biblatex Info: Redefining '\footcite'.
Package biblatex Info: Redefining '\footcitetext'.
Package biblatex Info: Redefining '\smartcite'.
Package biblatex Info: Redefining '\textcite'.
Package biblatex Info: Redefining '\textcites'.
)
Package biblatex Info: Trying to load configuration file...
Package biblatex Info: ... file 'biblatex.cfg' found.

(/usr/local/texlive/2018/texmf-dist/tex/latex/biblatex/biblatex.cfg
File: biblatex.cfg 
))
(/usr/local/texlive/2018/texmf-dist/tex/latex/csquotes/csquotes.sty
Package: csquotes 2018/02/11 v5.2c context-sensitive quotations (JAW)
\csq@reset=\count400
\csq@gtype=\count401
\csq@glevel=\count402
\csq@qlevel=\count403
\csq@maxlvl=\count404
\csq@tshold=\count405
\csq@ltx@everypar=\toks24

(/usr/local/texlive/2018/texmf-dist/tex/latex/csquotes/csquotes.def
File: csquotes.def 2018/02/11 v5.2c csquotes generic definitions (JAW)
)
Package csquotes Info: Trying to load configuration file 'csquotes.cfg'...
Package csquotes Info: ... configuration file loaded successfully.

(/usr/local/texlive/2018/texmf-dist/tex/latex/csquotes/csquotes.cfg
File: csquotes.cfg 
)
Package csquotes Info: Enabling multilingual quotes.
)
(/usr/local/texlive/2018/texmf-dist/tex/latex/graphics/rotating.sty
Package: rotating 2016/08/11 v2.16d rotated objects in LaTeX
\c@r@tfl@t=\count406
\rotFPtop=\skip87
\rotFPbot=\skip88
\rot@float@box=\box56
\rot@mess@toks=\toks25
)
(/usr/local/texlive/2018/texmf-dist/tex/generic/ulem/ulem.sty
\UL@box=\box57
\UL@hyphenbox=\box58
\UL@skip=\skip89
\UL@hook=\toks26
\UL@height=\dimen189
\UL@pe=\count407
\UL@pixel=\dimen190
\ULC@box=\box59
Package: ulem 2012/05/18
\ULdepth=\dimen191
)
(/usr/local/texlive/2018/texmf-dist/tex/latex/wasysym/wasysym.sty
Package: wasysym 2003/10/30 v2.0 Wasy-2 symbol support package
\symwasy=\mathgroup5
LaTeX Font Info:    Overwriting symbol font `wasy' in version `bold'
(Font)                  U/wasy/m/n --> U/wasy/b/n on input line 90.
)
(/usr/local/texlive/2018/texmf-dist/tex/latex/threeparttable/threeparttable.sty
Package: threeparttable 2003/06/13  v 3.0
\@tempboxb=\box60
) (/usr/local/texlive/2018/texmf-dist/tex/latex/graphics/lscape.sty
Package: lscape 2000/10/22 v3.01 Landscape Pages (DPC)
)
Package scrhack Info: loading lscape hack on input line 115.

(/usr/local/texlive/2018/texmf-dist/tex/latex/koma-script/lscape.hak
File: lscape.hak 2018/03/30 v3.25 KOMA-Script package (hacking package lscape)
Package scrhack Info: \landscape patched to make \textheight change optional on
 input line 90.
\scrh@LT@textheight=\skip90
)
(/usr/local/texlive/2018/texmf-dist/tex/latex/hyperref/hyperref.sty
Package: hyperref 2018/02/06 v6.86b Hypertext links for LaTeX

(/usr/local/texlive/2018/texmf-dist/tex/generic/oberdiek/hobsub-hyperref.sty
Package: hobsub-hyperref 2016/05/16 v1.14 Bundle oberdiek, subset hyperref (HO)


(/usr/local/texlive/2018/texmf-dist/tex/generic/oberdiek/hobsub-generic.sty
Package: hobsub-generic 2016/05/16 v1.14 Bundle oberdiek, subset generic (HO)
Package: hobsub 2016/05/16 v1.14 Construct package bundles (HO)
Package hobsub Info: Skipping package `infwarerr' (already loaded).
Package hobsub Info: Skipping package `ltxcmds' (already loaded).
Package hobsub Info: Skipping package `ifluatex' (already loaded).
Package hobsub Info: Skipping package `ifvtex' (already loaded).
Package: intcalc 2016/05/16 v1.2 Expandable calculations with integers (HO)
Package hobsub Info: Skipping package `ifpdf' (already loaded).
Package hobsub Info: Skipping package `etexcmds' (already loaded).
Package hobsub Info: Skipping package `kvsetkeys' (already loaded).
Package: kvdefinekeys 2016/05/16 v1.4 Define keys (HO)
Package hobsub Info: Skipping package `pdftexcmds' (already loaded).
Package: pdfescape 2016/05/16 v1.14 Implements pdfTeX's escape features (HO)
Package: bigintcalc 2016/05/16 v1.4 Expandable calculations on big integers (HO
)
Package: bitset 2016/05/16 v1.2 Handle bit-vector datatype (HO)
Package: uniquecounter 2016/05/16 v1.3 Provide unlimited unique counter (HO)
)
Package hobsub Info: Skipping package `hobsub' (already loaded).
Package: letltxmacro 2016/05/16 v1.5 Let assignment for LaTeX macros (HO)
Package: hopatch 2016/05/16 v1.3 Wrapper for package hooks (HO)
Package: xcolor-patch 2016/05/16 xcolor patch
Package: atveryend 2016/05/16 v1.9 Hooks at the very end of document (HO)
Package: atbegshi 2016/06/09 v1.18 At begin shipout hook (HO)
Package: refcount 2016/05/16 v3.5 Data extraction from label references (HO)
Package: hycolor 2016/05/16 v1.8 Color options for hyperref/bookmark (HO)
)
(/usr/local/texlive/2018/texmf-dist/tex/latex/oberdiek/auxhook.sty
Package: auxhook 2016/05/16 v1.4 Hooks for auxiliary files (HO)
)
\@linkdim=\dimen192
\Hy@linkcounter=\count408
\Hy@pagecounter=\count409

(/usr/local/texlive/2018/texmf-dist/tex/latex/hyperref/pd1enc.def
File: pd1enc.def 2018/02/06 v6.86b Hyperref: PDFDocEncoding definition (HO)
Now handling font encoding PD1 ...
... no UTF-8 mapping file for font encoding PD1
)
\Hy@SavedSpaceFactor=\count410

(/usr/local/texlive/2018/texmf-dist/tex/latex/latexconfig/hyperref.cfg
File: hyperref.cfg 2002/06/06 v1.2 hyperref configuration of TeXLive
)
Package hyperref Info: Hyper figures OFF on input line 4509.
Package hyperref Info: Link nesting OFF on input line 4514.
Package hyperref Info: Hyper index ON on input line 4517.
Package hyperref Info: Plain pages OFF on input line 4524.
Package hyperref Info: Backreferencing OFF on input line 4529.
Package hyperref Info: Implicit mode ON; LaTeX internals redefined.
Package hyperref Info: Bookmarks ON on input line 4762.
\c@Hy@tempcnt=\count411
LaTeX Info: Redefining \url on input line 5115.
\XeTeXLinkMargin=\dimen193
\Fld@menulength=\count412
\Field@Width=\dimen194
\Fld@charsize=\dimen195
Package hyperref Info: Hyper figures OFF on input line 6369.
Package hyperref Info: Link nesting OFF on input line 6374.
Package hyperref Info: Hyper index ON on input line 6377.
Package hyperref Info: backreferencing OFF on input line 6384.
Package hyperref Info: Link coloring OFF on input line 6389.
Package hyperref Info: Link coloring with OCG OFF on input line 6394.
Package hyperref Info: PDF/A mode OFF on input line 6399.
LaTeX Info: Redefining \ref on input line 6439.
LaTeX Info: Redefining \pageref on input line 6443.
\Hy@abspage=\count413
\c@Item=\count414
\c@Hfootnote=\count415
)
Package scrhack Info: hyperref hack deactivated because of
(scrhack)             detection of hyperref version, that doesn't
(scrhack)             need that hack, on input line 115.
Package hyperref Info: Driver (autodetected): hpdftex.

(/usr/local/texlive/2018/texmf-dist/tex/latex/hyperref/hpdftex.def
File: hpdftex.def 2018/02/06 v6.86b Hyperref driver for pdfTeX
\Fld@listcount=\count416
\c@bookmark@seq@number=\count417

(/usr/local/texlive/2018/texmf-dist/tex/latex/oberdiek/rerunfilecheck.sty
Package: rerunfilecheck 2016/05/16 v1.8 Rerun checks for auxiliary files (HO)
Package uniquecounter Info: New unique counter `rerunfilecheck' on input line 2
82.
)
\Hy@SectionHShift=\skip91
)
Package hyperref Info: Option `bookmarksopen' set `true' on input line 115.
Package hyperref Info: Option `hypertexnames' set `false' on input line 115.
Package hyperref Info: Option `colorlinks' set `true' on input line 115.
Package hyperref Info: Option `unicode' set `true' on input line 115.

(/usr/local/texlive/2018/texmf-dist/tex/latex/hyperref/puenc.def
File: puenc.def 2018/02/06 v6.86b Hyperref: PDF Unicode definition (HO)
Now handling font encoding PU ...
... no UTF-8 mapping file for font encoding PU
)
Package hyperref Info: Option `breaklinks' set `true' on input line 115.
Package biblatex Info: Trying to load language 'english'...
Package biblatex Info: ... file 'english.lbx' found.

(/usr/local/texlive/2018/texmf-dist/tex/latex/biblatex/lbx/english.lbx
File: english.lbx 2018/03/04 v3.11 biblatex localization (PK/MW)
)
Package csquotes Info: Checking for multilingual support...
Package csquotes Info: ... found 'babel' package.

(./main.aux (./Chapters/Intro.aux) (./Chapters/Pub1.aux) (./Chapters/Pub2.aux)
(./Chapters/Pub3.aux) (./Chapters/Discussion.aux) (./Appendices/AppendixA.aux))
\openout1 = `main.aux'.

LaTeX Font Info:    Checking defaults for OML/cmm/m/it on input line 115.
LaTeX Font Info:    ... okay on input line 115.
LaTeX Font Info:    Checking defaults for T1/cmr/m/n on input line 115.
LaTeX Font Info:    ... okay on input line 115.
LaTeX Font Info:    Checking defaults for OT1/cmr/m/n on input line 115.
LaTeX Font Info:    ... okay on input line 115.
LaTeX Font Info:    Checking defaults for OMS/cmsy/m/n on input line 115.
LaTeX Font Info:    ... okay on input line 115.
LaTeX Font Info:    Checking defaults for OMX/cmex/m/n on input line 115.
LaTeX Font Info:    ... okay on input line 115.
LaTeX Font Info:    Checking defaults for U/cmr/m/n on input line 115.
LaTeX Font Info:    ... okay on input line 115.
LaTeX Font Info:    Checking defaults for PD1/pdf/m/n on input line 115.
LaTeX Font Info:    ... okay on input line 115.
LaTeX Font Info:    Checking defaults for PU/pdf/m/n on input line 115.
LaTeX Font Info:    ... okay on input line 115.
LaTeX Font Info:    Try loading font information for T1+ppl on input line 115.
(/usr/local/texlive/2018/texmf-dist/tex/latex/psnfss/t1ppl.fd
File: t1ppl.fd 2001/06/04 font definitions for T1/ppl.
)
Now handling font encoding TS1 ...
... processing UTF-8 mapping file for font encoding TS1

(/usr/local/texlive/2018/texmf-dist/tex/latex/base/ts1enc.dfu
File: ts1enc.dfu 2018/04/05 v1.2c UTF-8 support for inputenc
   defining Unicode char U+00A2 (decimal 162)
   defining Unicode char U+00A3 (decimal 163)
   defining Unicode char U+00A4 (decimal 164)
   defining Unicode char U+00A5 (decimal 165)
   defining Unicode char U+00A6 (decimal 166)
   defining Unicode char U+00A7 (decimal 167)
   defining Unicode char U+00A8 (decimal 168)
   defining Unicode char U+00A9 (decimal 169)
   defining Unicode char U+00AA (decimal 170)
   defining Unicode char U+00AC (decimal 172)
   defining Unicode char U+00AE (decimal 174)
   defining Unicode char U+00AF (decimal 175)
   defining Unicode char U+00B0 (decimal 176)
   defining Unicode char U+00B1 (decimal 177)
   defining Unicode char U+00B2 (decimal 178)
   defining Unicode char U+00B3 (decimal 179)
   defining Unicode char U+00B4 (decimal 180)
   defining Unicode char U+00B5 (decimal 181)
   defining Unicode char U+00B6 (decimal 182)
   defining Unicode char U+00B7 (decimal 183)
   defining Unicode char U+00B9 (decimal 185)
   defining Unicode char U+00BA (decimal 186)
   defining Unicode char U+00BC (decimal 188)
   defining Unicode char U+00BD (decimal 189)
   defining Unicode char U+00BE (decimal 190)
   defining Unicode char U+00D7 (decimal 215)
   defining Unicode char U+00F7 (decimal 247)
   defining Unicode char U+0192 (decimal 402)
   defining Unicode char U+02C7 (decimal 711)
   defining Unicode char U+02D8 (decimal 728)
   defining Unicode char U+02DD (decimal 733)
   defining Unicode char U+0E3F (decimal 3647)
   defining Unicode char U+2016 (decimal 8214)
   defining Unicode char U+2020 (decimal 8224)
   defining Unicode char U+2021 (decimal 8225)
   defining Unicode char U+2022 (decimal 8226)
   defining Unicode char U+2030 (decimal 8240)
   defining Unicode char U+2031 (decimal 8241)
   defining Unicode char U+203B (decimal 8251)
   defining Unicode char U+203D (decimal 8253)
   defining Unicode char U+2044 (decimal 8260)
   defining Unicode char U+204E (decimal 8270)
   defining Unicode char U+2052 (decimal 8274)
   defining Unicode char U+20A1 (decimal 8353)
   defining Unicode char U+20A4 (decimal 8356)
   defining Unicode char U+20A6 (decimal 8358)
   defining Unicode char U+20A9 (decimal 8361)
   defining Unicode char U+20AB (decimal 8363)
   defining Unicode char U+20AC (decimal 8364)
   defining Unicode char U+20B1 (decimal 8369)
   defining Unicode char U+2103 (decimal 8451)
   defining Unicode char U+2116 (decimal 8470)
   defining Unicode char U+2117 (decimal 8471)
   defining Unicode char U+211E (decimal 8478)
   defining Unicode char U+2120 (decimal 8480)
   defining Unicode char U+2122 (decimal 8482)
   defining Unicode char U+2126 (decimal 8486)
   defining Unicode char U+2127 (decimal 8487)
   defining Unicode char U+212E (decimal 8494)
   defining Unicode char U+2190 (decimal 8592)
   defining Unicode char U+2191 (decimal 8593)
   defining Unicode char U+2192 (decimal 8594)
   defining Unicode char U+2193 (decimal 8595)
   defining Unicode char U+2329 (decimal 9001)
   defining Unicode char U+232A (decimal 9002)
   defining Unicode char U+2422 (decimal 9250)
   defining Unicode char U+25E6 (decimal 9702)
   defining Unicode char U+25EF (decimal 9711)
   defining Unicode char U+266A (decimal 9834)
   defining Unicode char U+FEFF (decimal 65279)
)
(/usr/local/texlive/2018/texmf-dist/tex/latex/translator/translator-basic-dicti
onary-English.dict
Dictionary: translator-basic-dictionary, Language: English 
)
(/usr/local/texlive/2018/texmf-dist/tex/latex/siunitx/siunitx-abbreviations.cfg
File: siunitx-abbreviations.cfg 2017/11/26 v2.7k siunitx: Abbreviated units
) (/usr/local/texlive/2018/texmf-dist/tex/context/base/mkii/supp-pdf.mkii
[Loading MPS to PDF converter (version 2006.09.02).]
\scratchcounter=\count418
\scratchdimen=\dimen196
\scratchbox=\box61
\nofMPsegments=\count419
\nofMParguments=\count420
\everyMPshowfont=\toks27
\MPscratchCnt=\count421
\MPscratchDim=\dimen197
\MPnumerator=\count422
\makeMPintoPDFobject=\count423
\everyMPtoPDFconversion=\toks28
) (/usr/local/texlive/2018/texmf-dist/tex/latex/oberdiek/epstopdf-base.sty
Package: epstopdf-base 2016/05/15 v2.6 Base part for package epstopdf

(/usr/local/texlive/2018/texmf-dist/tex/latex/oberdiek/grfext.sty
Package: grfext 2016/05/16 v1.2 Manage graphics extensions (HO)
)
Package epstopdf-base Info: Redefining graphics rule for `.eps' on input line 4
38.
Package grfext Info: Graphics extension search list:
(grfext)             [.pdf,.png,.jpg,.mps,.jpeg,.jbig2,.jb2,.PDF,.PNG,.JPG,.JPE
G,.JBIG2,.JB2,.eps]
(grfext)             \AppendGraphicsExtensions on input line 456.

(/usr/local/texlive/2018/texmf-dist/tex/latex/latexconfig/epstopdf-sys.cfg
File: epstopdf-sys.cfg 2010/07/13 v1.3 Configuration of (r)epstopdf for TeX Liv
e
))
Package caption Info: Begin \AtBeginDocument code.
Package caption Info: hyperref package is loaded.
Package caption Info: rotating package is loaded.
Package caption Info: threeparttable package is loaded.
Package caption Info: wrapfig package is loaded.
Package caption Info: End \AtBeginDocument code.

*geometry* driver: auto-detecting
*geometry* detected driver: pdftex
*geometry* verbose mode - [ preamble ] result:
* driver: pdftex
* paper: a4paper
* layout: <same size as paper>
* layoutoffset:(h,v)=(0.0pt,0.0pt)
* bindingoffset: 14.22636pt
* modes: includehead includefoot twoside 
* h-part:(L,W,R)=(85.35826pt, 412.56499pt, 85.35826pt)
* v-part:(T,H,B)=(71.13188pt, 702.78308pt, 71.13188pt)
* \paperwidth=597.50787pt
* \paperheight=845.04684pt
* \textwidth=412.56499pt
* \textheight=636.5927pt
* \oddsidemargin=27.31464pt
* \evensidemargin=13.08827pt
* \topmargin=-1.1381pt
* \headheight=18.85364pt
* \headsep=19.8738pt
* \topskip=11.0pt
* \footskip=27.46295pt
* \marginparwidth=116.0pt
* \marginparsep=7.0pt
* \columnsep=10.0pt
* \skip\footins=10.0pt plus 4.0pt minus 2.0pt
* \hoffset=0.0pt
* \voffset=0.0pt
* \mag=1000
* \@twocolumnfalse
* \@twosidetrue
* \@mparswitchtrue
* \@reversemarginfalse
* (1in=72.27pt=25.4mm, 1cm=28.453pt)

Package scrlayer Info: Setting magic \footheight to \baselineskip while
(scrlayer)             \begin{document} on input line 115.
Package scrbase Info: activating english \abbrevname on input line 115.
Package scrbase Info: activating english \byname on input line 115.
Package scrbase Info: activating english \acknowledgementname on input line 115
.
Package scrbase Info: activating english \authorshipname on input line 115.
Package scrbase Info: activating english \constantsname on input line 115.
Package scrbase Info: activating english \symbolsname on input line 115.
\big@size=\dimen198
Package biblatex Info: Input encoding 'utf8' detected.
Package biblatex Info: Automatic encoding selection.
(biblatex)             Assuming data encoding 'utf8'.
Package biblatex Info: Input encoding 'utf8' specified.
Package biblatex Info: Data encoding 'utf8' specified.
(biblatex)             No need to reencode data.
\openout4 = `main-blx.bib'.

Package biblatex Info: Trying to load bibliographic data...
Package biblatex Info: ... file 'main.bbl' found.
(./main.bbl)
Package biblatex Info: ... file 'main1-blx.bbl' found.
 (./main1-blx.bbl)
Package biblatex Info: ... file 'main2-blx.bbl' found.
 (./main2-blx.bbl)
Package biblatex Info: ... file 'main3-blx.bbl' found.
 (./main3-blx.bbl)
Package biblatex Info: ... file 'main4-blx.bbl' found.

(./main4-blx.bbl)
Package biblatex Info: ... file 'main5-blx.bbl' found.
 (./main5-blx.bbl)
Package biblatex Info: ... file 'main6-blx.bbl' found.
 (./main6-blx.bbl)
Package biblatex Info: ... file 'main7-blx.bbl' found.
 (./main7-blx.bbl)
Package biblatex Info: ... file 'main8-blx.bbl' found.

(./main8-blx.bbl)
Package biblatex Info: ... file 'main9-blx.bbl' found.
 (./main9-blx.bbl)
Package biblatex Info: ... file 'main10-blx.bbl' found.
 (./main10-blx.bbl)
Package biblatex Info: ... file 'main11-blx.bbl' found.
 (./main11-blx.bbl)
Package biblatex Info: ... file 'main12-blx.bbl' not found.

No file main12-blx.bbl.
Package biblatex Info: Reference section=0 on input line 115.
Package biblatex Info: Reference segment=0 on input line 115.
Package hyperref Info: Option `colorlinks' set `false' on input line 115.
\AtBeginShipoutBox=\box62
Package hyperref Info: Link coloring OFF on input line 115.
(/usr/local/texlive/2018/texmf-dist/tex/latex/hyperref/nameref.sty
Package: nameref 2016/05/21 v2.44 Cross-referencing by name of section

(/usr/local/texlive/2018/texmf-dist/tex/generic/oberdiek/gettitlestring.sty
Package: gettitlestring 2016/05/16 v1.5 Cleanup title references (HO)
)
\c@section@level=\count424
)
LaTeX Info: Redefining \ref on input line 115.
LaTeX Info: Redefining \pageref on input line 115.
LaTeX Info: Redefining \nameref on input line 115.

(./main.out) (./main.out)
\@outlinefile=\write5
\openout5 = `main.out'.

LaTeX Font Info:    Try loading font information for OT1+ppl on input line 115.


(/usr/local/texlive/2018/texmf-dist/tex/latex/psnfss/ot1ppl.fd
File: ot1ppl.fd 2001/06/04 font definitions for OT1/ppl.
)
LaTeX Font Info:    Try loading font information for OML+zplm on input line 115
.

(/usr/local/texlive/2018/texmf-dist/tex/latex/psnfss/omlzplm.fd
File: omlzplm.fd 2002/09/08 Fontinst v1.914 font definitions for OML/zplm.
)
LaTeX Font Info:    Try loading font information for OMS+zplm on input line 115
.

(/usr/local/texlive/2018/texmf-dist/tex/latex/psnfss/omszplm.fd
File: omszplm.fd 2002/09/08 Fontinst v1.914 font definitions for OMS/zplm.
)
LaTeX Font Info:    Try loading font information for OMX+zplm on input line 115
.

(/usr/local/texlive/2018/texmf-dist/tex/latex/psnfss/omxzplm.fd
File: omxzplm.fd 2002/09/08 Fontinst v1.914 font definitions for OMX/zplm.
)
LaTeX Font Info:    Try loading font information for OT1+zplm on input line 115
.

(/usr/local/texlive/2018/texmf-dist/tex/latex/psnfss/ot1zplm.fd
File: ot1zplm.fd 2002/09/08 Fontinst v1.914 font definitions for OT1/zplm.
)
LaTeX Font Info:    Try loading font information for U+wasy on input line 115.

(/usr/local/texlive/2018/texmf-dist/tex/latex/wasysym/uwasy.fd
File: uwasy.fd 2003/10/30 v2.0 Wasy-2 symbol font definitions
)
1: section
LaTeX Font Info:    Font shape `T1/ppl/bx/n' in size <20.74> not available
(Font)              Font shape `T1/ppl/b/n' tried instead on input line 133.
LaTeX Font Info:    Font shape `T1/ppl/bx/it' in size <20.74> not available
(Font)              Font shape `T1/ppl/b/it' tried instead on input line 133.
[1



{/usr/local/texlive/2018/texmf-var/fonts/map/pdftex/updmap/pdftex.map}]
[2

]
--------------------
 Declaration of Authorship
--------------------
LaTeX Font Info:    Try loading font information for OMS+ppl on input line 169.

(/usr/local/texlive/2018/texmf-dist/tex/latex/psnfss/omsppl.fd
File: omsppl.fd 
)
LaTeX Font Info:    Font shape `OMS/ppl/m/n' in size <10.95> not available
(Font)              Font shape `OMS/cmsy/m/n' tried instead on input line 169.

Underfull \hbox (badness 10000) in paragraph at lines 174--175

 []

1: section
[3] [4

] [5] [6

]
--------------------
 Abstract
--------------------

Package hyperref Warning: Suppressing empty link on input line 200.

LaTeX Font Info:    Font shape `T1/ppl/bx/n' in size <10.95> not available
(Font)              Font shape `T1/ppl/b/n' tried instead on input line 200.
LaTeX Font Info:    Font shape `T1/ppl/bx/it' in size <10.95> not available
(Font)              Font shape `T1/ppl/b/it' tried instead on input line 200.
1: section
[7] [8

]
--------------------
 Acknowledgements
--------------------
1: section
[9] [10

]
\blx@maxsegment@1=\count425
\blx@sectionciteorder@1=\count426
Package biblatex Info: Reference section=1 on input line 218.
\openout4 = `main1-blx.aux'.

Package biblatex Info: Setting label 'refsection:1' on input line 218.
LaTeX Font Info:    Font shape `T1/ppl/bx/n' in size <17.28> not available
(Font)              Font shape `T1/ppl/b/n' tried instead on input line 218.
 (./main.toc
1: section
[11] [12])
\tf@toc=\write6
\openout6 = `main.toc'.

 [13] [14

]
Package biblatex Info: Reference section=0 on input line 220.
\blx@maxsegment@2=\count427
\blx@sectionciteorder@2=\count428
Package biblatex Info: Reference section=2 on input line 220.
\openout4 = `main2-blx.aux'.

Package biblatex Info: Setting label 'refsection:2' on input line 220.
 (./main.lof
Overfull \hbox (1.18721pt too wide) in paragraph at lines 9--9
 [][] [][]\T1/ppl/m/n/10.95 Pairwise com-par-isons tested for dif-fer-en-tially
 ex-pressed tran-scripts sub- 
 []


Overfull \hbox (0.9139pt too wide) in paragraph at lines 9--9
 \T1/ppl/m/n/10.95 di-vided into sea-sonal com-par-isons be-tween sum-mer and w
in-ter in three 
 []

1: section
[15]
Overfull \hbox (5.05269pt too wide) in paragraph at lines 14--14
 \T1/ppl/m/n/10.95 re-gres-sion spline smooth term) show-ing the gen-eral trend
 over the whole 
 []


Overfull \hbox (5.05269pt too wide) in paragraph at lines 15--15
 \T1/ppl/m/n/10.95 re-gres-sion spline smooth term) show-ing the gen-eral trend
 over the whole 
 []

[16])
\tf@lof=\write7
\openout7 = `main.lof'.

 [17] [18

]
Package biblatex Info: Reference section=0 on input line 222.
\blx@maxsegment@3=\count429
\blx@sectionciteorder@3=\count430
Package biblatex Info: Reference section=3 on input line 222.
\openout4 = `main3-blx.aux'.

Package biblatex Info: Setting label 'refsection:3' on input line 222.
 (./main.lot
Overfull \hbox (2.0525pt too wide) in paragraph at lines 6--6
 [][] [][]\T1/ppl/m/n/10.95 Number of dif-fer-en-tially ex-pressed tran-scripts
 (DETs) iden-ti-fied for each 
 []


Overfull \hbox (7.84436pt too wide) in paragraph at lines 7--7
 \T1/ppl/m/n/10.95 bioac-tive lipids, hor-mone metabolism, vi-sual per-cep-tion
, receptor-related 
 []


Overfull \hbox (1.1215pt too wide) in paragraph at lines 7--7
 \T1/ppl/m/n/10.95 pro-teins, de-vel-op-ment, re-pro-duc-tion, de-phos-pho-ry-l
a-tion and tran-scrip- 
 []

)
\tf@lot=\write8
\openout8 = `main.lot'.


1: section
[19] [20

]
Package biblatex Info: Reference section=0 on input line 228.
\blx@maxsegment@4=\count431
\blx@sectionciteorder@4=\count432
Package biblatex Info: Reference section=4 on input line 228.
\openout4 = `main4-blx.aux'.

Package biblatex Info: Setting label 'refsection:4' on input line 228.

1: section
[21] [22

]
Package biblatex Info: Reference section=0 on input line 239.
\blx@maxsegment@5=\count433
\blx@sectionciteorder@5=\count434
Package biblatex Info: Reference section=5 on input line 239.
\openout4 = `main5-blx.aux'.

Package biblatex Info: Setting label 'refsection:5' on input line 239.

1: section
[23] [24

]
Package biblatex Info: Reference section=0 on input line 252.
\blx@maxsegment@6=\count435
\blx@sectionciteorder@6=\count436
Package biblatex Info: Reference section=6 on input line 252.
\openout4 = `main6-blx.aux'.

Package biblatex Info: Setting label 'refsection:6' on input line 252.

1: section
[25] [26

]
--------------------
 Dedicatory
--------------------
1: section
[27] [28

]
1: section
\openout2 = `Chapters/Intro.aux'.

(./Chapters/Intro.tex
Chapter 1.
Package biblatex Info: Reference section=0 on input line 2.
\blx@maxsegment@7=\count437
\blx@sectionciteorder@7=\count438
Package biblatex Info: Reference section=7 on input line 2.
\openout4 = `main7-blx.aux'.

Package biblatex Info: Setting label 'refsection:7' on input line 2.
LaTeX Font Info:    Font shape `T1/ppl/bx/n' in size <14.4> not available
(Font)              Font shape `T1/ppl/b/n' tried instead on input line 32.
LaTeX Font Info:    Font shape `T1/ppl/bx/it' in size <14.4> not available
(Font)              Font shape `T1/ppl/b/it' tried instead on input line 32.
1: section
[1


]
<Figures/../Figures/Figure1.pdf, id=615, 719.21089pt x 277.61992pt>
File: Figures/../Figures/Figure1.pdf Graphic file (type pdf)
<use Figures/../Figures/Figure1.pdf>
Package pdftex.def Info: Figures/../Figures/Figure1.pdf  used on input line 50.

(pdftex.def)             Requested size: 350.68275pt x 135.36563pt.
 [2 <./Figures/../Figures/Figure1.pdf>]
<Figures/../Figures/Figure2.pdf, id=656, 569.12625pt x 995.72pt>
File: Figures/../Figures/Figure2.pdf Graphic file (type pdf)
<use Figures/../Figures/Figure2.pdf>
Package pdftex.def Info: Figures/../Figures/Figure2.pdf  used on input line 96.

(pdftex.def)             Requested size: 146.36276pt x 256.0748pt.
 [3] [4 <./Figures/../Figures/Figure2.pdf>] [5]
<Figures/../Figures/Figure3.pdf, id=762, 677.14168pt x 257.047pt>
File: Figures/../Figures/Figure3.pdf Graphic file (type pdf)
<use Figures/../Figures/Figure3.pdf>
Package pdftex.def Info: Figures/../Figures/Figure3.pdf  used on input line 195
.
(pdftex.def)             Requested size: 350.68275pt x 133.12393pt.
 [6 <./Figures/../Figures/Figure3.pdf>] [7] [8] [9]
LaTeX Font Info:    Try loading font information for T1+cmtt on input line 330.


(/usr/local/texlive/2018/texmf-dist/tex/latex/base/t1cmtt.fd
File: t1cmtt.fd 2014/09/29 v2.5h Standard LaTeX font definitions
) [10] [11]
Overfull \hbox (10.72023pt too wide) in paragraph at lines 330--330
\T1/ppl/m/n/10 meets en-vi-ron-men-tal change^^Q. In: \T1/ppl/m/it/10 Pro-ceed-
ings of the Royal So-ci-ety B: Bi-o-log-i-cal Sci-ences \T1/ppl/m/n/10 280.1765
,
 []

[12]
Overfull \hbox (2.76074pt too wide) in paragraph at lines 330--330
\T1/ppl/m/n/10 and Pho-tope-ri-odic Di-a-pause in In-sects^^Q. In: \T1/ppl/m/it
/10 In-te-gra-tive and Com-par-a-tive Bi-ol-ogy \T1/ppl/m/n/10 53.1, pp. 131^^U

 []

[13]
Overfull \hbox (7.02682pt too wide) in paragraph at lines 330--330
[][]\T1/ppl/m/n/10 Spiridonov, Vass-ily A. (1995). ^^P  Spa-tial and tem-po-ral
 vari-abil-ity in re-pro-duc-tive tim-ing of Antarc-
 []

[14]
Overfull \hbox (10.10103pt too wide) in paragraph at lines 330--330
[][]\T1/ppl/m/n/10 Webster, Si-mon George, Rainer Keller, and Hein-rich Dirck-s
en (Jan. 2012). ^^P  The CHH-superfamily
 []

) [15]
\openout2 = `Chapters/Pub1.aux'.

 (./Chapters/Pub1.tex [16



]
Chapter 2.
Package biblatex Info: Reference section=0 on input line 1.
\blx@maxsegment@8=\count439
\blx@sectionciteorder@8=\count440
Package biblatex Info: Reference section=8 on input line 1.
\openout4 = `main8-blx.aux'.

Package biblatex Info: Setting label 'refsection:8' on input line 1.

Overfull \hbox (9.60709pt too wide) in paragraph at lines 15--41
\T1/ppl/m/n/10.95 able pho-tope-ri-odic con-di-tions (South Geor-gia, South Ork
neys/Bransfield Strait, Lazarev
 []

1: section
[17] [18]
Overfull \hbox (3.51932pt too wide) in paragraph at lines 80--94
\T1/ppl/m/n/10.95 to af-fect feed-ing and metabolic ac-tiv-ity ([]Teschke, Kawa
guchi, and Meyer, []2007[]), growth
 []

[19]
<Figures/../Figures/Pub1_1.pdf, id=1083, 453.695pt x 291.0875pt>
File: Figures/../Figures/Pub1_1.pdf Graphic file (type pdf)
<use Figures/../Figures/Pub1_1.pdf>
Package pdftex.def Info: Figures/../Figures/Pub1_1.pdf  used on input line 133.

(pdftex.def)             Requested size: 350.68275pt x 224.99529pt.
LaTeX Font Info:    Font shape `T1/ppl/bx/n' in size <12> not available
(Font)              Font shape `T1/ppl/b/n' tried instead on input line 141.
 [20 <./Figures/../Figures/Pub1_1.pdf>]

LaTeX Warning: No positions in optional float specifier.
               Default added (so using `tbp') on input line 155.

LaTeX Font Info:    Font shape `T1/ppl/bx/n' in size <8> not available
(Font)              Font shape `T1/ppl/b/n' tried instead on input line 162.

Overfull \hbox (1.771pt too wide) in paragraph at lines 168--168
\T1/ppl/m/n/8 Orkneys|  
 []

[21]
LaTeX Font Info:    Font shape `OMS/ppl/m/n' in size <8> not available
(Font)              Font shape `OMS/cmsy/m/n' tried instead on input line 198.
LaTeX Font Info:    Try loading font information for TS1+ppl on input line 210.

 (/usr/local/texlive/2018/texmf-dist/tex/latex/psnfss/ts1ppl.fd
File: ts1ppl.fd 2001/06/04 font definitions for TS1/ppl.
) [22]
<Figures/../Figures/Pub1_2.pdf, id=1129, 361.35pt x 211.79124pt>
File: Figures/../Figures/Pub1_2.pdf Graphic file (type pdf)
<use Figures/../Figures/Pub1_2.pdf>
Package pdftex.def Info: Figures/../Figures/Pub1_2.pdf  used on input line 261.

(pdftex.def)             Requested size: 350.68275pt x 205.54066pt.

[23] (./Tables/Table1_2.tex

LaTeX Warning: No positions in optional float specifier.
               Default added (so using `tbp') on input line 5.

)
<Figures/../Figures/Pub1_3.pdf, id=1148, 377.41pt x 524.96124pt>
File: Figures/../Figures/Pub1_3.pdf Graphic file (type pdf)
<use Figures/../Figures/Pub1_3.pdf>
Package pdftex.def Info: Figures/../Figures/Pub1_3.pdf  used on input line 301.

(pdftex.def)             Requested size: 350.68275pt x 487.78436pt.

Overfull \hbox (17.23405pt too wide) in paragraph at lines 311--314
\T1/ppl/m/n/10.95 been de-posited in the Ar-ray-Ex-press database at \T1/cmtt/m
/n/10.95 EMBL-EBI \T1/ppl/m/n/10.95 ([]$\T1/cmtt/m/n/10.95 www . ebi . ac . uk 
/ arrayexpress$[]\T1/ppl/m/n/10.95 )
 []

[24 <./Figures/../Figures/Pub1_2.pdf>] [25 <./Figures/../Figures/Pub1_3.pdf>]
[26]
Overfull \hbox (3.96332pt too wide) in paragraph at lines 339--347
[]\T1/ppl/m/n/10.95 For Lazarev Sea sum-mer krill, 13 top cat-e-gories were fou
nd: amino acid metabolism
 []


Overfull \hbox (3.12517pt too wide) in paragraph at lines 339--347
\T1/ppl/m/n/10.95 and tran-scrip-tional reg-u-la-tion (0.5 each), en-ergy metab
olism (0.45), re-pro-duc-tion (0.43),
 []


Overfull \hbox (6.71544pt too wide) in paragraph at lines 366--374
\T1/ppl/m/n/10.95 Antarc-tic krill, we chose the fol-low-ing 7 cat-e-gories for
 fur-ther in-ves-ti-ga-tion: metabolism
 []

(./Tables/Table1_3.tex
Underfull \hbox (badness 1024) in paragraph at lines 12--12
 []\T1/ppl/m/sc/10 Table 2.3: |\T1/ppl/m/n/10 Se-lected mem-bers of dif-fer-en-
tially ex-pressed protein- 
 []


Underfull \hbox (badness 2126) in paragraph at lines 12--12
 \T1/ppl/m/n/10 coding genes of the sea-sonal com-par-isons within the cat-e-go
ries 
 []


Overfull \hbox (32.9699pt too wide) in alignment at lines 7--16
 [] [] [] [] [] [] 
 []


Overfull \hbox (5.59793pt too wide) in paragraph at lines 21--21
\T1/ppl/b/n/8 sprot/UniRef/NR 
 []


Overfull \hbox (32.9699pt too wide) in alignment at lines 16--22
 [] [] [] [] [] [] 
 []


Overfull \hbox (32.9699pt too wide) in alignment at lines 22--25
 [] [] [] [] [] [] 
 []


Overfull \hbox (32.9699pt too wide) in alignment at lines 25--27
 [] [] [] [] [] [] 
 []


Overfull \hbox (5.20749pt too wide) in paragraph at lines 29--29
\T1/ppl/m/n/8 HACF01033273|  
 []


Overfull \hbox (5.20749pt too wide) in paragraph at lines 30--30
\T1/ppl/m/n/8 HACF01006732|  
 []


Overfull \hbox (5.20749pt too wide) in paragraph at lines 31--31
\T1/ppl/m/n/8 HACF01032702|  
 []


Overfull \hbox (5.20749pt too wide) in paragraph at lines 32--32
\T1/ppl/m/n/8 HACF01041540|  
 []


Overfull \hbox (5.20749pt too wide) in paragraph at lines 33--33
\T1/ppl/m/n/8 HACF01002294|  
 []


Overfull \hbox (5.20749pt too wide) in paragraph at lines 34--34
\T1/ppl/m/n/8 HACF01007387|  
 []


Overfull \hbox (5.20749pt too wide) in paragraph at lines 35--35
\T1/ppl/m/n/8 HACF01008075|  
 []


Overfull \hbox (5.20749pt too wide) in paragraph at lines 36--36
\T1/ppl/m/n/8 HACF01008355|  
 []


Overfull \hbox (5.20749pt too wide) in paragraph at lines 37--37
\T1/ppl/m/n/8 HACF01003376|  
 []


Overfull \hbox (5.20749pt too wide) in paragraph at lines 38--38
\T1/ppl/m/n/8 HACF01001558|  
 []


Overfull \hbox (5.20749pt too wide) in paragraph at lines 39--39
\T1/ppl/m/n/8 HACF01002648|  
 []


Overfull \hbox (5.20749pt too wide) in paragraph at lines 40--40
\T1/ppl/m/n/8 HACF01005894|  
 []


Overfull \hbox (5.20749pt too wide) in paragraph at lines 41--41
\T1/ppl/m/n/8 HACF01056943|  
 []


Overfull \hbox (5.20749pt too wide) in paragraph at lines 42--42
\T1/ppl/m/n/8 HACF01005913|  
 []


Overfull \hbox (5.20749pt too wide) in paragraph at lines 43--43
\T1/ppl/m/n/8 HACF01003645|  
 []


Overfull \hbox (5.20749pt too wide) in paragraph at lines 44--44
\T1/ppl/m/n/8 HACF01002955|  
 []


Overfull \hbox (5.20749pt too wide) in paragraph at lines 45--45
\T1/ppl/m/n/8 HACF01040030|  
 []


Overfull \hbox (5.20749pt too wide) in paragraph at lines 46--46
\T1/ppl/m/n/8 HACF01008235|  
 []


Overfull \hbox (5.20749pt too wide) in paragraph at lines 47--47
\T1/ppl/m/n/8 HACF01056144|  
 []


Overfull \hbox (5.20749pt too wide) in paragraph at lines 48--48
\T1/ppl/m/n/8 HACF01039823|  
 []


Overfull \hbox (32.9699pt too wide) in alignment at lines 27--49
 [] [] [] [] [] [] 
 []

[27]
Overfull \hbox (5.20749pt too wide) in paragraph at lines 49--49
\T1/ppl/m/n/8 HACF01000518|  
 []


Overfull \hbox (5.20749pt too wide) in paragraph at lines 50--50
\T1/ppl/m/n/8 HACF01031830|  
 []


Overfull \hbox (5.20749pt too wide) in paragraph at lines 51--51
\T1/ppl/m/n/8 HACF01012692|  
 []


Overfull \hbox (5.20749pt too wide) in paragraph at lines 53--53
\T1/ppl/m/n/8 HACF01012160|  
 []


Overfull \hbox (5.20749pt too wide) in paragraph at lines 54--54
\T1/ppl/m/n/8 HACF01005119|  
 []


Overfull \hbox (5.20749pt too wide) in paragraph at lines 55--55
\T1/ppl/m/n/8 HACF01046985|  
 []


Overfull \hbox (5.20749pt too wide) in paragraph at lines 56--56
\T1/ppl/m/n/8 HACF01037993|  
 []


Overfull \hbox (5.20749pt too wide) in paragraph at lines 57--57
\T1/ppl/m/n/8 HACF01010344|  
 []


Overfull \hbox (5.20749pt too wide) in paragraph at lines 58--58
\T1/ppl/m/n/8 HACF01009046|  
 []


Overfull \hbox (5.20749pt too wide) in paragraph at lines 60--60
\T1/ppl/m/n/8 HACF01005245|  
 []


Overfull \hbox (5.20749pt too wide) in paragraph at lines 61--61
\T1/ppl/m/n/8 HACF01038168|  
 []


Overfull \hbox (9.47798pt too wide) in paragraph at lines 62--62
\T1/ppl/m/n/8 UniRef90_V9XZL5|  
 []


Overfull \hbox (5.20749pt too wide) in paragraph at lines 62--62
\T1/ppl/m/n/8 HACF01038626|  
 []


Overfull \hbox (5.20749pt too wide) in paragraph at lines 63--63
\T1/ppl/m/n/8 HACF01038076|  
 []


Overfull \hbox (9.31279pt too wide) in paragraph at lines 64--64
\T1/ppl/m/n/8 Prostamide/prostaglandin 
 []


Overfull \hbox (5.20749pt too wide) in paragraph at lines 64--64
\T1/ppl/m/n/8 HACF01001735|  
 []


Overfull \hbox (5.20749pt too wide) in paragraph at lines 65--65
\T1/ppl/m/n/8 HACF01007962|  
 []


Overfull \hbox (5.20749pt too wide) in paragraph at lines 66--66
\T1/ppl/m/n/8 HACF01031034|  
 []


Overfull \hbox (5.20749pt too wide) in paragraph at lines 67--67
\T1/ppl/m/n/8 HACF01033533|  
 []


Overfull \hbox (5.20749pt too wide) in paragraph at lines 68--68
\T1/ppl/m/n/8 HACF01002873|  
 []


Overfull \hbox (32.9699pt too wide) in alignment at lines 49--68
 [] [] [] [] [] [] 
 []

[28]
Overfull \hbox (5.20749pt too wide) in paragraph at lines 69--69
\T1/ppl/m/n/8 HACF01024140|  
 []


Overfull \hbox (32.9699pt too wide) in alignment at lines 68--70
 [] [] [] [] [] [] 
 []

[29] [30]) [31] [32]
Overfull \hbox (0.52966pt too wide) in paragraph at lines 457--467
\T1/ppl/m/n/10.95 This study in-ves-ti-gated sea-sonal and re-gional dif-fer-en
ces in gene ex-pres-sion in Antarc-
 []

[33] [34] [35]
Overfull \hbox (7.4726pt too wide) in paragraph at lines 543--556
\T1/ppl/m/n/10.95 Our sea-sonal gene ex-pres-sion re-sults from South Orkneys/B
ransfield Strait and Lazarev
 []

[36] [37] [38] [39]
Overfull \hbox (1.76147pt too wide) in paragraph at lines 699--710
[]\T1/ppl/m/n/10.95 As can-di-date gene for the fu-ture in-ves-ti-ga-tions of r
e-pro-duc-tive pro-cesses in Antarc-
 []


Overfull \hbox (0.35458pt too wide) in paragraph at lines 699--710
\T1/ppl/m/n/10.95 grade and thereby in-ac-ti-vate methyl far-ne-soate in crus-t
aceans ([]Lee et al., []2011[]). Methyl
 []


Overfull \hbox (1.71826pt too wide) in paragraph at lines 711--739
[]\T1/ppl/m/n/10.95 We pro-pose tar-get genes that may af-fect var-i-ous de-vel
-op-men-tal and growth-related
 []

[40]
Overfull \hbox (0.3598pt too wide) in paragraph at lines 740--746
[]\T1/ppl/m/n/10.95 Dephosphorylation by phos-phatases rep-re-sents an-other im
-por-tant step in the post-
 []


Overfull \hbox (4.1426pt too wide) in paragraph at lines 740--746
\T1/ppl/m/n/10.95 translational reg-u-la-tion of pro-teins. We found for in-sta
nce the serine/threonine-protein
 []

[41] [42] [43] [44]
Overfull \hbox (5.68637pt too wide) in paragraph at lines 832--832
[][]\T1/ppl/m/n/10 Franchini, Mas-simo and Mar-tina Mon-tag-nana (2011). ^^P  L
ow-density lipopro-tein receptor-related
 []

[45]
Overfull \hbox (44.95575pt too wide) in paragraph at lines 832--832
\T1/ppl/m/n/10 ery^^Q. In: \T1/ppl/m/it/10 Antarc-tic Sci-ence \T1/ppl/m/n/10 1
9.02, p. 219. \T1/ppl/m/sc/10 issn\T1/ppl/m/n/10 : 0954-1020, 1365-2079. \T1/pp
l/m/sc/10 doi\T1/ppl/m/n/10 : []$\T1/cmtt/m/n/10 10 . 1017 / S0954102007000296$
[]\T1/ppl/m/n/10 . 
 []

[46] [47]
Overfull \hbox (2.27072pt too wide) in paragraph at lines 832--832
\T1/ppl/m/n/10 h1) me-di-ates ju-ve-nile hor-mone ac-tion dur-ing meta-mor-pho-
sis of Drosophila melanogaster^^Q.
 []

[48] [49]
Overfull \hbox (7.02682pt too wide) in paragraph at lines 832--832
[][]\T1/ppl/m/n/10 Spiridonov, Vass-ily A. (1995). ^^P  Spa-tial and tem-po-ral
 vari-abil-ity in re-pro-duc-tive tim-ing of Antarc-
 []

[50]) [51]
\openout2 = `Chapters/Pub2.aux'.

 (./Chapters/Pub2.tex [52



]
Chapter 3.
Package biblatex Info: Reference section=0 on input line 1.
\blx@maxsegment@9=\count441
\blx@sectionciteorder@9=\count442
Package biblatex Info: Reference section=9 on input line 1.
\openout4 = `main9-blx.aux'.

Package biblatex Info: Setting label 'refsection:9' on input line 1.

Overfull \hbox (3.9369pt too wide) in paragraph at lines 3--3
\T1/ppl/b/it/14.4 phau-sia su-perba\T1/ppl/b/n/14.4 ): im-pacts on growth, feed
-ing, lipid metabolism,
 []

1: section
[53] [54] [55]
<Figures/../Figures/Pub2_1.pdf, id=1536, 238.04755pt x 447.69823pt>
File: Figures/../Figures/Pub2_1.pdf Graphic file (type pdf)
<use Figures/../Figures/Pub2_1.pdf>
Package pdftex.def Info: Figures/../Figures/Pub2_1.pdf  used on input line 129.

(pdftex.def)             Requested size: 151.28926pt x 284.52756pt.
 [56] [57 <./Figures/../Figures/Pub2_1.pdf>]
(./Tables/Table2_1.tex

LaTeX Warning: No positions in optional float specifier.
               Default added (so using `tbp') on input line 3.


Overfull \hbox (70.96964pt too wide) in paragraph at lines 10--20
[][] 
 []

) [58] [59] [60]
<Figures/../Figures/Pub2_2.pdf, id=1870, 245.48405pt x 289.64905pt>
File: Figures/../Figures/Pub2_2.pdf Graphic file (type pdf)
<use Figures/../Figures/Pub2_2.pdf>
Package pdftex.def Info: Figures/../Figures/Pub2_2.pdf  used on input line 306.

(pdftex.def)             Requested size: 144.40025pt x 170.3876pt.

Underfull \hbox (badness 1014) in paragraph at lines 309--309
 []\T1/ppl/m/sc/10 Figure 3.2: |\T1/ppl/m/n/10 Re-la-tion-ship be-tween 
 []

[61 <./Figures/../Figures/Pub2_2.pdf>]
<Figures/../Figures/Pub2_3.pdf, id=1903, 405.0803pt x 434.18906pt>
File: Figures/../Figures/Pub2_3.pdf Graphic file (type pdf)
<use Figures/../Figures/Pub2_3.pdf>
Package pdftex.def Info: Figures/../Figures/Pub2_3.pdf  used on input line 354.

(pdftex.def)             Requested size: 350.68275pt x 375.89299pt.
 (./Tables/Table2_2.tex

LaTeX Warning: No positions in optional float specifier.
               Default added (so using `tbp') on input line 1.

LaTeX Font Info:    Font shape `T1/ppl/bx/it' in size <8> not available
(Font)              Font shape `T1/ppl/b/it' tried instead on input line 8.

Underfull \hbox (badness 10000) in paragraph at lines 6--71
[][]
 []

) [62] [63]
<Figures/../Figures/Pub2_4.pdf, id=1918, 405.0803pt x 434.18906pt>
File: Figures/../Figures/Pub2_4.pdf Graphic file (type pdf)
<use Figures/../Figures/Pub2_4.pdf>
Package pdftex.def Info: Figures/../Figures/Pub2_4.pdf  used on input line 389.

(pdftex.def)             Requested size: 350.68275pt x 375.89299pt.
<Figures/../Figures/Pub2_5.pdf, id=1919, 245.48405pt x 434.18906pt>
File: Figures/../Figures/Pub2_5.pdf Graphic file (type pdf)
<use Figures/../Figures/Pub2_5.pdf>
Package pdftex.def Info: Figures/../Figures/Pub2_5.pdf  used on input line 406.

(pdftex.def)             Requested size: 309.42374pt x 547.30635pt.


LaTeX Warning: Float too large for page by 16.71365pt on input line 416.

[64 <./Figures/../Figures/Pub2_3.pdf>] [65 <./Figures/../Figures/Pub2_4.pdf>]
[66 <./Figures/../Figures/Pub2_5.pdf>]
<Figures/../Figures/Pub2_6.pdf, id=2141, 405.0803pt x 434.18906pt>
File: Figures/../Figures/Pub2_6.pdf Graphic file (type pdf)
<use Figures/../Figures/Pub2_6.pdf>
Package pdftex.def Info: Figures/../Figures/Pub2_6.pdf  used on input line 447.

(pdftex.def)             Requested size: 350.68275pt x 375.89299pt.
<Figures/../Figures/Pub2_7.pdf, id=2143, 309.88466pt x 343.85155pt>
File: Figures/../Figures/Pub2_7.pdf Graphic file (type pdf)
<use Figures/../Figures/Pub2_7.pdf>
Package pdftex.def Info: Figures/../Figures/Pub2_7.pdf  used on input line 477.

(pdftex.def)             Requested size: 179.4968pt x 199.16928pt.

Overfull \hbox (8.78027pt too wide) in paragraph at lines 477--482
 [][] 
 []


Underfull \hbox (badness 3199) in paragraph at lines 482--482
 \T1/ppl/m/n/10 (lines) are shown with 95% con-fi- 
 []

[67] [68 <./Figures/../Figures/Pub2_6.pdf>]
Underfull \hbox (badness 4569) in paragraph at lines 506--520
[][]\T1/ppl/m/n/10.95 The fol-low-ing con-sid-er-a-tions should be
 []

[69 <./Figures/../Figures/Pub2_7.pdf>] [70]
Overfull \hbox (3.75496pt too wide) in paragraph at lines 592--603
[]\T1/ppl/m/n/10.95 The ef-fect of light regime on the ma-tu-rity cy-cle ([]Hi-
rano and Mat-suda, []2003[]; []Teschke,
 []

[71] [72] [73] [74]
Overfull \hbox (0.24774pt too wide) in paragraph at lines 704--704
[][]\T1/ppl/m/n/10 Clarke, An-drew et al. (2007). ^^P  Cli-mate change and the 
ma-rine ecosys-tem of the west-ern Antarc-
 []

[75]
Overfull \hbox (44.95575pt too wide) in paragraph at lines 704--704
\T1/ppl/m/n/10 ery^^Q. In: \T1/ppl/m/it/10 Antarc-tic Sci-ence \T1/ppl/m/n/10 1
9.02, p. 219. \T1/ppl/m/sc/10 issn\T1/ppl/m/n/10 : 0954-1020, 1365-2079. \T1/pp
l/m/sc/10 doi\T1/ppl/m/n/10 : []$\T1/cmtt/m/n/10 10 . 1017 / S0954102007000296$
[]\T1/ppl/m/n/10 . 
 []

[76] [77]
Overfull \hbox (6.30003pt too wide) in paragraph at lines 704--704
\T1/ppl/m/n/10 strong lat-i-tu-di-nal cline in re-pro-duc-tive di-a-pause com-b
ined with high gene flow in \T1/ppl/m/it/10 Drosophila
 []

) [78]
\openout2 = `Chapters/Pub3.aux'.

 (./Chapters/Pub3.tex
Chapter 4.
Package biblatex Info: Reference section=0 on input line 3.
\blx@maxsegment@10=\count443
\blx@sectionciteorder@10=\count444
Package biblatex Info: Reference section=10 on input line 3.
\openout4 = `main10-blx.aux'.

Package biblatex Info: Setting label 'refsection:10' on input line 3.
1: section
[79



] [80]
Overfull \hbox (9.39366pt too wide) in paragraph at lines 105--112
[]\T1/ppl/m/n/10.95 This study com-ple-ments the re-sults from a re-cent two-ye
ar lab ex-per-i-ment, analysing
 []

[81] [82]
Overfull \hbox (17.76521pt too wide) in paragraph at lines 186--211
\T1/ppl/m/n/10.95 of the genes ([]$\T1/cmtt/m/n/10.95 http : / / www . repeatma
sker . org / cgi-[]bin / WEBRepeatMasker$[]\T1/ppl/m/n/10.95 ). The se-quences
 []


Overfull \hbox (3.5608pt too wide) in paragraph at lines 186--211
\T1/ppl/m/n/10.95 and probe de-sign for each gene (Thermo Fisher Sci-en-tific, 
[]$\T1/cmtt/m/n/10.95 https : / / www . thermofisher .
 []

[83] [84]
Overfull \hbox (21.73369pt too wide) in paragraph at lines 253--272
[]\T1/ppl/m/n/10.95 To iden-tify dif-fer-ences in gene ex-pres-sion pat-terns b
e-tween light treat-ments/conditions
 []

[85] [86] [87]
Overfull \hbox (0.5461pt too wide) in paragraph at lines 371--380
[]\T1/ppl/m/n/10.95 For the Aug15 sub-set (late win-ter), both com-po-nent 1 an
d com-po-nent 2 con-tributed
 []

[88] [89] [90]
Overfull \hbox (5.8785pt too wide) in paragraph at lines 513--519
\T1/ppl/m/n/10.95 term lab-o-ra-tory ex-per-i-ment at sim-u-lated low-latitude 
light regime 52$[]$S, at high-latitude
 []


Overfull \hbox (4.40547pt too wide) in paragraph at lines 520--530
\T1/ppl/m/n/10.95 gene ex-pres-sion pat-terns that are more pro-nounced un-der 
the high lat-i-tude light regime
 []


Overfull \hbox (18.35532pt too wide) in paragraph at lines 520--530
\T1/ppl/m/n/10.95 col-y-sis, cit-ric acid cy-cle, res-pi-ra-tory chain, lipid m
etabolism, lipid trans-port, prostaglandin
 []

[91] [92] [93] [94] [95] [96]
Overfull \hbox (37.3204pt too wide) in paragraph at lines 745--759
\T1/ppl/m/n/10.95 tive lipid com-pounds that may con-trol the re-pro-duc-tive c
y-cle of Antarc-tic krill. Prostaglandins
 []


Overfull \hbox (0.32141pt too wide) in paragraph at lines 745--759
\T1/ppl/m/n/10.95 genes in Antarc-tic krill un-der con-stant dark-ness. Based o
n the ob-ser-va-tion that Antarc-
 []


Overfull \hbox (18.74994pt too wide) in paragraph at lines 745--759
\T1/ppl/m/n/10.95 sonal cy-cle of re-pro-duc-tion in Antarc-tic krill. More-ove
r, sea-sonal pat-terns of prostaglandin
 []


Overfull \hbox (3.30064pt too wide) in paragraph at lines 760--781
\T1/ppl/m/n/10.95 ([]Reddy, Na-garaju, and Reddy, []2004[]). In in-sects, the s
up-pres-sion of the re-lated molecule
 []

[97] [98] [99] [100]
Overfull \hbox (5.68637pt too wide) in paragraph at lines 881--881
[][]\T1/ppl/m/n/10 Franchini, Mas-simo and Mar-tina Mon-tag-nana (2011). ^^P  L
ow-density lipopro-tein receptor-related
 []

[101] [102] [103]
Overfull \hbox (7.02682pt too wide) in paragraph at lines 881--881
[][]\T1/ppl/m/n/10 Spiridonov, Vass-ily A. (1995). ^^P  Spa-tial and tem-po-ral
 vari-abil-ity in re-pro-duc-tive tim-ing of Antarc-
 []

[104]
Overfull \hbox (0.34225pt too wide) in paragraph at lines 881--881
\T1/ppl/m/it/10 Com-par-a-tive En-docrinol-ogy \T1/ppl/m/n/10 86.2, pp. 297^^U3
03. \T1/ppl/m/sc/10 issn\T1/ppl/m/n/10 : 0016-6480. \T1/ppl/m/sc/10 doi\T1/ppl/
m/n/10 : []$\T1/cmtt/m/n/10 10 . 1016 / 0016 -[] 6480(92 )
 []

) [105]
\openout2 = `Chapters/Discussion.aux'.

 (./Chapters/Discussion.tex [106



]
Chapter 5.
Package biblatex Info: Reference section=0 on input line 3.
\blx@maxsegment@11=\count445
\blx@sectionciteorder@11=\count446
Package biblatex Info: Reference section=11 on input line 3.
\openout4 = `main11-blx.aux'.

Package biblatex Info: Setting label 'refsection:11' on input line 3.
1: section
[107]
Overfull \hbox (8.51741pt too wide) in paragraph at lines 43--65
[]\T1/ppl/m/n/10.95 Ambient wa-ter tem-per-a-ture may in-flu-ence lo-cal dif-fe
r-ences in Antarc-tic krill growth,
 []

[108] [109] [110] [111] [112] [113] [114]

LaTeX Warning: No positions in optional float specifier.
               Default added (so using `tbp') on input line 319.

[115] [116] [117] [118] [119] [120] [121] [122] [123]
Overfull \hbox (10.72023pt too wide) in paragraph at lines 595--595
\T1/ppl/m/n/10 meets en-vi-ron-men-tal change^^Q. In: \T1/ppl/m/it/10 Pro-ceed-
ings of the Royal So-ci-ety B: Bi-o-log-i-cal Sci-ences \T1/ppl/m/n/10 280.1765
,
 []

[124]
Overfull \hbox (2.76074pt too wide) in paragraph at lines 595--595
\T1/ppl/m/n/10 and Pho-tope-ri-odic Di-a-pause in In-sects^^Q. In: \T1/ppl/m/it
/10 In-te-gra-tive and Com-par-a-tive Bi-ol-ogy \T1/ppl/m/n/10 53.1, pp. 131^^U

 []

[125]
Overfull \hbox (2.27072pt too wide) in paragraph at lines 595--595
\T1/ppl/m/n/10 h1) me-di-ates ju-ve-nile hor-mone ac-tion dur-ing meta-mor-pho-
sis of Drosophila melanogaster^^Q.
 []

[126]
Overfull \hbox (7.02682pt too wide) in paragraph at lines 595--595
[][]\T1/ppl/m/n/10 Spiridonov, Vass-ily A. (1995). ^^P  Spa-tial and tem-po-ral
 vari-abil-ity in re-pro-duc-tive tim-ing of Antarc-
 []

[127]
Overfull \hbox (11.6522pt too wide) in paragraph at lines 595--595
\T1/ppl/m/it/10 Sci-ences \T1/ppl/m/n/10 110.41, pp. 16651^^U16656. \T1/ppl/m/s
c/10 issn\T1/ppl/m/n/10 : 0027-8424, 1091-6490. \T1/ppl/m/sc/10 doi\T1/ppl/m/n/
10 : []$\T1/cmtt/m/n/10 10 . 1073 / pnas . 1310643110$[]\T1/ppl/m/n/10 . 
 []


Overfull \hbox (0.34225pt too wide) in paragraph at lines 595--595
\T1/ppl/m/it/10 Com-par-a-tive En-docrinol-ogy \T1/ppl/m/n/10 86.2, pp. 297^^U3
03. \T1/ppl/m/sc/10 issn\T1/ppl/m/n/10 : 0016-6480. \T1/ppl/m/sc/10 doi\T1/ppl/
m/n/10 : []$\T1/cmtt/m/n/10 10 . 1016 / 0016 -[] 6480(92 )
 []

[128]
Overfull \hbox (6.30003pt too wide) in paragraph at lines 595--595
\T1/ppl/m/n/10 strong lat-i-tu-di-nal cline in re-pro-duc-tive di-a-pause com-b
ined with high gene flow in \T1/ppl/m/it/10 Drosophila
 []

) [129]
\openout2 = `Appendices/AppendixA.aux'.

 (./Appendices/AppendixA.tex [130



]
Appendix A.
Package biblatex Info: Reference section=0 on input line 3.
\blx@maxsegment@12=\count447
\blx@sectionciteorder@12=\count448
Package biblatex Info: Reference section=12 on input line 3.
\openout4 = `main12-blx.aux'.

Package biblatex Info: Setting label 'refsection:12' on input line 3.
)
1: section
[131]
Package atveryend Info: Empty hook `BeforeClearDocument' on input line 312.
Package atveryend Info: Empty hook `AfterLastShipout' on input line 312.
 (./main.aux (./Chapters/Intro.aux) (./Chapters/Pub1.aux)
(./Chapters/Pub2.aux) (./Chapters/Pub3.aux) (./Chapters/Discussion.aux)
(./Appendices/AppendixA.aux))
Package atveryend Info: Executing hook `AtVeryEndDocument' on input line 312.
Package atveryend Info: Executing hook `AtEndAfterFileList' on input line 312.
Package rerunfilecheck Info: File `main.out' has not changed.
(rerunfilecheck)             Checksum: 0EF057922497859A05F18D166C0EBE03;14116.


Package biblatex Warning: Please rerun LaTeX.
(biblatex)                Page breaks have changed.

Package logreq Info: Writing requests to 'main.run.xml'.
\openout1 = `main.run.xml'.

 ) 
Here is how much of TeX's memory you used:
 36887 strings out of 492649
 760290 string characters out of 6129622
 1280599 words of memory out of 5000000
 39702 multiletter control sequences out of 15000+600000
 607407 words of font info for 162 fonts, out of 8000000 for 9000
 1141 hyphenation exceptions out of 8191
 63i,21n,82p,10377b,2944s stack positions out of 5000i,500n,10000p,200000b,80000s
{/usr/local/texlive/2018/texmf-dist/fonts/enc/dvips/cm-super/cm-super-t1.enc}
{/usr/local/texlive/2018/texmf-dist/fonts/enc/dvips/base/8r.enc}</usr/local/tex
live/2018/texmf-dist/fonts/type1/public/amsfonts/cm/cmmi10.pfb></usr/local/texl
ive/2018/texmf-dist/fonts/type1/public/amsfonts/cm/cmr10.pfb></usr/local/texliv
e/2018/texmf-dist/fonts/type1/public/amsfonts/cm/cmsy10.pfb></usr/local/texlive
/2018/texmf-dist/fonts/type1/public/amsfonts/cm/cmsy8.pfb></usr/local/texlive/2
018/texmf-dist/fonts/type1/public/mathpazo/fplmri.pfb></usr/local/texlive/2018/
texmf-dist/fonts/type1/public/cm-super/sftt1000.pfb></usr/local/texlive/2018/te
xmf-dist/fonts/type1/public/cm-super/sftt1095.pfb></usr/local/texlive/2018/texm
f-dist/fonts/type1/urw/palatino/uplb8a.pfb></usr/local/texlive/2018/texmf-dist/
fonts/type1/urw/palatino/uplbi8a.pfb></usr/local/texlive/2018/texmf-dist/fonts/
type1/urw/palatino/uplr8a.pfb></usr/local/texlive/2018/texmf-dist/fonts/type1/u
rw/palatino/uplr8a.pfb></usr/local/texlive/2018/texmf-dist/fonts/type1/urw/pala
tino/uplri8a.pfb></usr/local/texlive/2018/texmf-dist/fonts/type1/public/wasy2-p
s/wasy8.pfb>
Output written on main.pdf (159 pages, 6148099 bytes).
PDF statistics:
 3308 PDF objects out of 3580 (max. 8388607)
 2797 compressed objects within 28 object streams
 580 named destinations out of 1000 (max. 500000)
 602 words of extra memory for PDF output out of 10000 (max. 10000000)

