This is pdfTeX, Version 3.14159265-2.6-1.40.19 (TeX Live 2018) (preloaded format=pdflatex 2019.3.10)  11 MAR 2019 08:28
entering extended mode
 restricted \write18 enabled.
 file:line:error style messages enabled.
 %&-line parsing enabled.
**Table1_3.tex
(./Table1_3.tex
LaTeX2e <2018-04-01> patch level 2
Babel <3.18> and hyphenation patterns for 84 language(s) loaded.

./Table1_3.tex:6: LaTeX Error: Environment longtable undefined.

See the LaTeX manual or LaTeX Companion for explanation.
Type  H <return>  for immediate help.
 ...                                              
                                                  
l.6 \begin{longtable}
                     {@{}L{2.5cm}L{3cm}L{3cm}L{3cm}L{3cm}L{1.5cm}@{}}
? 
./Table1_3.tex:6: Emergency stop.
 ...                                              
                                                  
l.6 \begin{longtable}
                     {@{}L{2.5cm}L{3cm}L{3cm}L{3cm}L{3cm}L{1.5cm}@{}}
Your command was ignored.
Type  I <command> <return>  to replace it with another command,
or  <return>  to continue without it.

 
Here is how much of TeX's memory you used:
 6 strings out of 492649
 271 string characters out of 6129622
 56400 words of memory out of 5000000
 3988 multiletter control sequences out of 15000+600000
 3640 words of font info for 14 fonts, out of 8000000 for 9000
 1141 hyphenation exceptions out of 8191
 5i,0n,4p,126b,16s stack positions out of 5000i,500n,10000p,200000b,80000s
./Table1_3.tex:6:  ==> Fatal error occurred, no output PDF file produced!
